[2m2022-11-22 19:47:52.868[0;39m [32m INFO[0;39m [35m5112[0;39m [2m---[0;39m [2m[           main][0;39m [36mo.s.b.w.embedded.tomcat.TomcatWebServer [0;39m [2m:[0;39m Tomcat initialized with port(s): 9999 (http)
[2m2022-11-22 19:47:52.944[0;39m [32m INFO[0;39m [35m5112[0;39m [2m---[0;39m [2m[           main][0;39m [36mw.s.c.ServletWebServerApplicationContext[0;39m [2m:[0;39m Root WebApplicationContext: initialization completed in 768 ms
[2m2022-11-22 19:47:53.446[0;39m [32m INFO[0;39m [35m5112[0;39m [2m---[0;39m [2m[           main][0;39m [36mo.s.b.w.embedded.tomcat.TomcatWebServer [0;39m [2m:[0;39m Tomcat started on port(s): 9999 (http) with context path ''
[2m2022-11-22 19:51:47.877[0;39m [32m INFO[0;39m [35m5112[0;39m [2m---[0;39m [2m[nio-9999-exec-1][0;39m [36mo.s.web.servlet.DispatcherServlet       [0;39m [2m:[0;39m Initializing Servlet 'dispatcherServlet'
[2m2022-11-22 19:51:47.878[0;39m [32m INFO[0;39m [35m5112[0;39m [2m---[0;39m [2m[nio-9999-exec-1][0;39m [36mo.s.web.servlet.DispatcherServlet       [0;39m [2m:[0;39m Completed initialization in 1 ms
[2m2022-11-22 19:51:47.897[0;39m [32m INFO[0;39m [35m5112[0;39m [2m---[0;39m [2m[nio-9999-exec-1][0;39m [36mc.s.vue.controller.HouseMapController   [0;39m [2m:[0;39m sido - 호출
[2m2022-11-22 19:51:54.542[0;39m [32m INFO[0;39m [35m5112[0;39m [2m---[0;39m [2m[nio-9999-exec-2][0;39m [36mc.s.vue.controller.HouseMapController   [0;39m [2m:[0;39m sido - 호출
[2m2022-11-22 19:53:51.481[0;39m [32m INFO[0;39m [35m5112[0;39m [2m---[0;39m [2m[nio-9999-exec-4][0;39m [36mc.s.vue.controller.HouseMapController   [0;39m [2m:[0;39m sido - 호출
[2m2022-11-22 19:58:00.541[0;39m [32mDEBUG[0;39m [35m5112[0;39m [2m---[0;39m [2m[nio-9999-exec-8][0;39m [36mc.ssafy.vue.controller.MemberController [0;39m [2m:[0;39m 로그인 accessToken 정보 : eyJ0eXAiOiJKV1QiLCJyZWdEYXRlIjoxNjY5MTE0NjgwNTE2LCJhbGciOiJIUzI1NiJ9.eyJleHAiOjE2NjkxMTQ2OTAsInN1YiI6ImFjY2Vzcy10b2tlbiIsInVzZXJpZCI6ImFkbWluIn0.-kCX_cIWWc_RJePd1W3wwCkyCp2ZqcwS6uWhQmmdDCA
[2m2022-11-22 19:58:00.541[0;39m [32mDEBUG[0;39m [35m5112[0;39m [2m---[0;39m [2m[nio-9999-exec-8][0;39m [36mc.ssafy.vue.controller.MemberController [0;39m [2m:[0;39m 로그인 refreshToken 정보 : eyJ0eXAiOiJKV1QiLCJyZWdEYXRlIjoxNjY5MTE0NjgwNTMwLCJhbGciOiJIUzI1NiJ9.eyJleHAiOjE2NjkxMTQ3MTAsInN1YiI6InJlZnJlc2gtdG9rZW4iLCJ1c2VyaWQiOiJhZG1pbiJ9.0fR2Yh1V4kMpzFSOlTno1NyljlSd4-nBUTT--KWz_Q0
[2m2022-11-22 19:58:00.559[0;39m [32m INFO[0;39m [35m5112[0;39m [2m---[0;39m [2m[io-9999-exec-10][0;39m [36mc.ssafy.vue.controller.MemberController [0;39m [2m:[0;39m 사용 가능한 토큰!!!
[2m2022-11-22 19:58:05.397[0;39m [32m INFO[0;39m [35m5112[0;39m [2m---[0;39m [2m[nio-9999-exec-1][0;39m [36mc.ssafy.vue.controller.MemberController [0;39m [2m:[0;39m 사용 가능한 토큰!!!
[2m2022-11-22 19:58:07.080[0;39m [32m INFO[0;39m [35m5112[0;39m [2m---[0;39m [2m[nio-9999-exec-2][0;39m [36mc.s.vue.controller.HouseMapController   [0;39m [2m:[0;39m sido - 호출
[2m2022-11-22 19:58:08.591[0;39m [32m INFO[0;39m [35m5112[0;39m [2m---[0;39m [2m[nio-9999-exec-3][0;39m [36mc.s.vue.controller.HouseMapController   [0;39m [2m:[0;39m gugun - 호출
[2m2022-11-22 19:58:49.574[0;39m [32m INFO[0;39m [35m5112[0;39m [2m---[0;39m [2m[nio-9999-exec-6][0;39m [36mc.s.vue.controller.HouseMapController   [0;39m [2m:[0;39m sido - 호출
[2m2022-11-22 19:58:53.079[0;39m [32m INFO[0;39m [35m5112[0;39m [2m---[0;39m [2m[nio-9999-exec-7][0;39m [36mc.s.vue.controller.HouseMapController   [0;39m [2m:[0;39m gugun - 호출
[2m2022-11-22 19:59:02.103[0;39m [32m INFO[0;39m [35m5112[0;39m [2m---[0;39m [2m[io-9999-exec-10][0;39m [36mc.s.vue.controller.HouseMapController   [0;39m [2m:[0;39m gugun - 호출
[2m2022-11-22 20:00:24.848[0;39m [32m INFO[0;39m [35m5112[0;39m [2m---[0;39m [2m[nio-9999-exec-5][0;39m [36mc.s.vue.controller.HouseMapController   [0;39m [2m:[0;39m gugun - 호출
[2m2022-11-22 20:04:22.221[0;39m [32m INFO[0;39m [35m5112[0;39m [2m---[0;39m [2m[nio-9999-exec-1][0;39m [36mc.s.vue.controller.HouseMapController   [0;39m [2m:[0;39m gugun - 호출
[2m2022-11-22 20:05:57.390[0;39m [32m INFO[0;39m [35m5112[0;39m [2m---[0;39m [2m[nio-9999-exec-7][0;39m [36mc.s.vue.controller.HouseMapController   [0;39m [2m:[0;39m sido - 호출
[2m2022-11-22 21:57:09.360[0;39m [33m WARN[0;39m [35m5112[0;39m [2m---[0;39m [2m[l-1 housekeeper][0;39m [36mcom.zaxxer.hikari.pool.HikariPool       [0;39m [2m:[0;39m HikariPool-1 - Thread starvation or clock leap detected (housekeeper delta=1h19m50s681ms827µs200ns).
[2m2022-11-22 21:57:51.196[0;39m [32m INFO[0;39m [35m5112[0;39m [2m---[0;39m [2m[on(2)-127.0.0.1][0;39m [36minMXBeanRegistrar$SpringApplicationAdmin[0;39m [2m:[0;39m Application shutdown requested.
[2m2022-11-22 21:57:51.236[0;39m [33m WARN[0;39m [35m5112[0;39m [2m---[0;39m [2m[on(2)-127.0.0.1][0;39m [36mo.a.c.loader.WebappClassLoaderBase      [0;39m [2m:[0;39m The web application [ROOT] appears to have started a thread named [HikariPool-1 housekeeper] but has failed to stop it. This is very likely to create a memory leak. Stack trace of thread:
 sun.misc.Unsafe.park(Native Method)
 java.util.concurrent.locks.LockSupport.parkNanos(LockSupport.java:215)
 java.util.concurrent.locks.AbstractQueuedSynchronizer$ConditionObject.awaitNanos(AbstractQueuedSynchronizer.java:2078)
 java.util.concurrent.ScheduledThreadPoolExecutor$DelayedWorkQueue.take(ScheduledThreadPoolExecutor.java:1093)
 java.util.concurrent.ScheduledThreadPoolExecutor$DelayedWorkQueue.take(ScheduledThreadPoolExecutor.java:809)
 java.util.concurrent.ThreadPoolExecutor.getTask(ThreadPoolExecutor.java:1074)
 java.util.concurrent.ThreadPoolExecutor.runWorker(ThreadPoolExecutor.java:1134)
 java.util.concurrent.ThreadPoolExecutor$Worker.run(ThreadPoolExecutor.java:624)
 java.lang.Thread.run(Thread.java:748)
[2m2022-11-22 21:57:55.534[0;39m [32m INFO[0;39m [35m16928[0;39m [2m---[0;39m [2m[           main][0;39m [36mo.s.b.w.embedded.tomcat.TomcatWebServer [0;39m [2m:[0;39m Tomcat initialized with port(s): 9999 (http)
[2m2022-11-22 21:57:55.616[0;39m [32m INFO[0;39m [35m16928[0;39m [2m---[0;39m [2m[           main][0;39m [36mw.s.c.ServletWebServerApplicationContext[0;39m [2m:[0;39m Root WebApplicationContext: initialization completed in 834 ms
[2m2022-11-22 21:57:56.191[0;39m [32m INFO[0;39m [35m16928[0;39m [2m---[0;39m [2m[           main][0;39m [36mo.s.b.w.embedded.tomcat.TomcatWebServer [0;39m [2m:[0;39m Tomcat started on port(s): 9999 (http) with context path ''
[2m2022-11-22 22:11:25.932[0;39m [32m INFO[0;39m [35m16928[0;39m [2m---[0;39m [2m[on(2)-127.0.0.1][0;39m [36minMXBeanRegistrar$SpringApplicationAdmin[0;39m [2m:[0;39m Application shutdown requested.
[2m2022-11-22 22:43:42.883[0;39m [32m INFO[0;39m [35m16268[0;39m [2m---[0;39m [2m[           main][0;39m [36mo.s.b.w.embedded.tomcat.TomcatWebServer [0;39m [2m:[0;39m Tomcat initialized with port(s): 9999 (http)
[2m2022-11-22 22:43:42.975[0;39m [32m INFO[0;39m [35m16268[0;39m [2m---[0;39m [2m[           main][0;39m [36mw.s.c.ServletWebServerApplicationContext[0;39m [2m:[0;39m Root WebApplicationContext: initialization completed in 797 ms
[2m2022-11-22 22:43:43.493[0;39m [32m INFO[0;39m [35m16268[0;39m [2m---[0;39m [2m[           main][0;39m [36mo.s.b.w.embedded.tomcat.TomcatWebServer [0;39m [2m:[0;39m Tomcat started on port(s): 9999 (http) with context path ''
[2m2022-11-22 22:43:54.439[0;39m [32m INFO[0;39m [35m16268[0;39m [2m---[0;39m [2m[nio-9999-exec-1][0;39m [36mo.s.web.servlet.DispatcherServlet       [0;39m [2m:[0;39m Initializing Servlet 'dispatcherServlet'
[2m2022-11-22 22:43:54.439[0;39m [32m INFO[0;39m [35m16268[0;39m [2m---[0;39m [2m[nio-9999-exec-1][0;39m [36mo.s.web.servlet.DispatcherServlet       [0;39m [2m:[0;39m Completed initialization in 0 ms
[2m2022-11-22 22:43:54.688[0;39m [32mDEBUG[0;39m [35m16268[0;39m [2m---[0;39m [2m[nio-9999-exec-2][0;39m [36mc.ssafy.vue.controller.MemberController [0;39m [2m:[0;39m 로그인 accessToken 정보 : eyJ0eXAiOiJKV1QiLCJyZWdEYXRlIjoxNjY5MTI0NjM0NjY1LCJhbGciOiJIUzI1NiJ9.eyJleHAiOjE2NjkxMjQ2NDQsInN1YiI6ImFjY2Vzcy10b2tlbiIsInVzZXJpZCI6InNzYWZ5In0.mrP5QoOrsTM8r5Z0Irz_Ac67UFclz_6ZDjtATKjXz5o
[2m2022-11-22 22:43:54.689[0;39m [32mDEBUG[0;39m [35m16268[0;39m [2m---[0;39m [2m[nio-9999-exec-2][0;39m [36mc.ssafy.vue.controller.MemberController [0;39m [2m:[0;39m 로그인 refreshToken 정보 : eyJ0eXAiOiJKV1QiLCJyZWdEYXRlIjoxNjY5MTI0NjM0Njg0LCJhbGciOiJIUzI1NiJ9.eyJleHAiOjE2NjkxMjQ2NjQsInN1YiI6InJlZnJlc2gtdG9rZW4iLCJ1c2VyaWQiOiJzc2FmeSJ9.TXCw6Xcajos3lq-Dmh73MbWMNq4V1xCyMfNh5fryO1E
[2m2022-11-22 22:43:54.712[0;39m [32m INFO[0;39m [35m16268[0;39m [2m---[0;39m [2m[nio-9999-exec-4][0;39m [36mc.ssafy.vue.controller.MemberController [0;39m [2m:[0;39m 사용 가능한 토큰!!!
[2m2022-11-22 22:45:57.070[0;39m [31mERROR[0;39m [35m16268[0;39m [2m---[0;39m [2m[nio-9999-exec-6][0;39m [36mc.s.vue.model.service.JwtServiceImpl    [0;39m [2m:[0;39m JWT expired at 2022-11-22T22:44:04Z. Current time: 2022-11-22T22:45:57Z, a difference of 113069 milliseconds.  Allowed clock skew: 0 milliseconds.
[2m2022-11-22 22:45:57.070[0;39m [31mERROR[0;39m [35m16268[0;39m [2m---[0;39m [2m[nio-9999-exec-6][0;39m [36mc.ssafy.vue.controller.MemberController [0;39m [2m:[0;39m 사용 불가능 토큰!!!
[2m2022-11-22 22:45:57.078[0;39m [32mDEBUG[0;39m [35m16268[0;39m [2m---[0;39m [2m[nio-9999-exec-8][0;39m [36mc.ssafy.vue.controller.MemberController [0;39m [2m:[0;39m token : eyJ0eXAiOiJKV1QiLCJyZWdEYXRlIjoxNjY5MTI0NjM0Njg0LCJhbGciOiJIUzI1NiJ9.eyJleHAiOjE2NjkxMjQ2NjQsInN1YiI6InJlZnJlc2gtdG9rZW4iLCJ1c2VyaWQiOiJzc2FmeSJ9.TXCw6Xcajos3lq-Dmh73MbWMNq4V1xCyMfNh5fryO1E, memberDto : com.ssafy.vue.model.MemberDto@6b62c663
[2m2022-11-22 22:45:57.078[0;39m [31mERROR[0;39m [35m16268[0;39m [2m---[0;39m [2m[nio-9999-exec-8][0;39m [36mc.s.vue.model.service.JwtServiceImpl    [0;39m [2m:[0;39m JWT expired at 2022-11-22T22:44:24Z. Current time: 2022-11-22T22:45:57Z, a difference of 93078 milliseconds.  Allowed clock skew: 0 milliseconds.
[2m2022-11-22 22:45:57.078[0;39m [32mDEBUG[0;39m [35m16268[0;39m [2m---[0;39m [2m[nio-9999-exec-8][0;39m [36mc.ssafy.vue.controller.MemberController [0;39m [2m:[0;39m 리프레쉬토큰도 사용불!!!!!!!
[2m2022-11-22 22:46:01.866[0;39m [32mDEBUG[0;39m [35m16268[0;39m [2m---[0;39m [2m[nio-9999-exec-2][0;39m [36mc.ssafy.vue.controller.MemberController [0;39m [2m:[0;39m 로그인 accessToken 정보 : eyJ0eXAiOiJKV1QiLCJyZWdEYXRlIjoxNjY5MTI0NzYxODUyLCJhbGciOiJIUzI1NiJ9.eyJleHAiOjE2NjkxMjQ3NzEsInN1YiI6ImFjY2Vzcy10b2tlbiIsInVzZXJpZCI6InNzYWZ5In0.stP5RmpnDRugYy6hcBD4RuUVxL54u8k-c56fKvLZnnQ
[2m2022-11-22 22:46:01.866[0;39m [32mDEBUG[0;39m [35m16268[0;39m [2m---[0;39m [2m[nio-9999-exec-2][0;39m [36mc.ssafy.vue.controller.MemberController [0;39m [2m:[0;39m 로그인 refreshToken 정보 : eyJ0eXAiOiJKV1QiLCJyZWdEYXRlIjoxNjY5MTI0NzYxODUzLCJhbGciOiJIUzI1NiJ9.eyJleHAiOjE2NjkxMjQ3OTEsInN1YiI6InJlZnJlc2gtdG9rZW4iLCJ1c2VyaWQiOiJzc2FmeSJ9.ZdzF2imhN-GHZZpIQTZqjDiAmthoQnO2JnEskNGQK5U
[2m2022-11-22 22:46:01.872[0;39m [32m INFO[0;39m [35m16268[0;39m [2m---[0;39m [2m[nio-9999-exec-4][0;39m [36mc.ssafy.vue.controller.MemberController [0;39m [2m:[0;39m 사용 가능한 토큰!!!
[2m2022-11-22 22:46:04.659[0;39m [32m INFO[0;39m [35m16268[0;39m [2m---[0;39m [2m[nio-9999-exec-5][0;39m [36mc.ssafy.vue.controller.MemberController [0;39m [2m:[0;39m 사용 가능한 토큰!!!
[2m2022-11-22 22:48:13.851[0;39m [31mERROR[0;39m [35m16268[0;39m [2m---[0;39m [2m[nio-9999-exec-7][0;39m [36mc.s.vue.model.service.JwtServiceImpl    [0;39m [2m:[0;39m JWT expired at 2022-11-22T22:46:11Z. Current time: 2022-11-22T22:48:13Z, a difference of 122851 milliseconds.  Allowed clock skew: 0 milliseconds.
[2m2022-11-22 22:48:13.851[0;39m [31mERROR[0;39m [35m16268[0;39m [2m---[0;39m [2m[nio-9999-exec-7][0;39m [36mc.ssafy.vue.controller.MemberController [0;39m [2m:[0;39m 사용 불가능 토큰!!!
[2m2022-11-22 22:48:13.882[0;39m [32mDEBUG[0;39m [35m16268[0;39m [2m---[0;39m [2m[nio-9999-exec-8][0;39m [36mc.ssafy.vue.controller.MemberController [0;39m [2m:[0;39m token : eyJ0eXAiOiJKV1QiLCJyZWdEYXRlIjoxNjY5MTI0NzYxODUzLCJhbGciOiJIUzI1NiJ9.eyJleHAiOjE2NjkxMjQ3OTEsInN1YiI6InJlZnJlc2gtdG9rZW4iLCJ1c2VyaWQiOiJzc2FmeSJ9.ZdzF2imhN-GHZZpIQTZqjDiAmthoQnO2JnEskNGQK5U, memberDto : com.ssafy.vue.model.MemberDto@24983f44
[2m2022-11-22 22:48:13.883[0;39m [31mERROR[0;39m [35m16268[0;39m [2m---[0;39m [2m[nio-9999-exec-8][0;39m [36mc.s.vue.model.service.JwtServiceImpl    [0;39m [2m:[0;39m JWT expired at 2022-11-22T22:46:31Z. Current time: 2022-11-22T22:48:13Z, a difference of 102882 milliseconds.  Allowed clock skew: 0 milliseconds.
[2m2022-11-22 22:48:13.883[0;39m [32mDEBUG[0;39m [35m16268[0;39m [2m---[0;39m [2m[nio-9999-exec-8][0;39m [36mc.ssafy.vue.controller.MemberController [0;39m [2m:[0;39m 리프레쉬토큰도 사용불!!!!!!!
[2m2022-11-22 22:48:17.948[0;39m [32mDEBUG[0;39m [35m16268[0;39m [2m---[0;39m [2m[io-9999-exec-10][0;39m [36mc.ssafy.vue.controller.MemberController [0;39m [2m:[0;39m 로그인 accessToken 정보 : eyJ0eXAiOiJKV1QiLCJyZWdEYXRlIjoxNjY5MTI0ODk3OTQ2LCJhbGciOiJIUzI1NiJ9.eyJleHAiOjE2NjkxMjQ5MDcsInN1YiI6ImFjY2Vzcy10b2tlbiIsInVzZXJpZCI6InNzYWZ5In0.aibTKHyEraiv2UhFNsy9oQVL8O4NSOP3gV9eWG-eTy0
[2m2022-11-22 22:48:17.948[0;39m [32mDEBUG[0;39m [35m16268[0;39m [2m---[0;39m [2m[io-9999-exec-10][0;39m [36mc.ssafy.vue.controller.MemberController [0;39m [2m:[0;39m 로그인 refreshToken 정보 : eyJ0eXAiOiJKV1QiLCJyZWdEYXRlIjoxNjY5MTI0ODk3OTQ2LCJhbGciOiJIUzI1NiJ9.eyJleHAiOjE2NjkxMjQ5MjcsInN1YiI6InJlZnJlc2gtdG9rZW4iLCJ1c2VyaWQiOiJzc2FmeSJ9.8DK27xQR4q_mb2ichY3fHu2jl2uMTKIVmnlCpekuhZ0
[2m2022-11-22 22:48:17.953[0;39m [32m INFO[0;39m [35m16268[0;39m [2m---[0;39m [2m[nio-9999-exec-1][0;39m [36mc.ssafy.vue.controller.MemberController [0;39m [2m:[0;39m 사용 가능한 토큰!!!
[2m2022-11-22 22:48:20.302[0;39m [32m INFO[0;39m [35m16268[0;39m [2m---[0;39m [2m[nio-9999-exec-2][0;39m [36mc.ssafy.vue.controller.MemberController [0;39m [2m:[0;39m 사용 가능한 토큰!!!
[2m2022-11-22 22:51:46.877[0;39m [32m INFO[0;39m [35m16268[0;39m [2m---[0;39m [2m[on(2)-127.0.0.1][0;39m [36minMXBeanRegistrar$SpringApplicationAdmin[0;39m [2m:[0;39m Application shutdown requested.
[2m2022-11-22 22:51:46.930[0;39m [33m WARN[0;39m [35m16268[0;39m [2m---[0;39m [2m[on(2)-127.0.0.1][0;39m [36mo.a.c.loader.WebappClassLoaderBase      [0;39m [2m:[0;39m The web application [ROOT] appears to have started a thread named [HikariPool-1 housekeeper] but has failed to stop it. This is very likely to create a memory leak. Stack trace of thread:
 sun.misc.Unsafe.park(Native Method)
 java.util.concurrent.locks.LockSupport.parkNanos(LockSupport.java:215)
 java.util.concurrent.locks.AbstractQueuedSynchronizer$ConditionObject.awaitNanos(AbstractQueuedSynchronizer.java:2078)
 java.util.concurrent.ScheduledThreadPoolExecutor$DelayedWorkQueue.take(ScheduledThreadPoolExecutor.java:1093)
 java.util.concurrent.ScheduledThreadPoolExecutor$DelayedWorkQueue.take(ScheduledThreadPoolExecutor.java:809)
 java.util.concurrent.ThreadPoolExecutor.getTask(ThreadPoolExecutor.java:1074)
 java.util.concurrent.ThreadPoolExecutor.runWorker(ThreadPoolExecutor.java:1134)
 java.util.concurrent.ThreadPoolExecutor$Worker.run(ThreadPoolExecutor.java:624)
 java.lang.Thread.run(Thread.java:748)
[2m2022-11-22 22:51:51.164[0;39m [32m INFO[0;39m [35m16280[0;39m [2m---[0;39m [2m[           main][0;39m [36mo.s.b.w.embedded.tomcat.TomcatWebServer [0;39m [2m:[0;39m Tomcat initialized with port(s): 9999 (http)
[2m2022-11-22 22:51:51.263[0;39m [32m INFO[0;39m [35m16280[0;39m [2m---[0;39m [2m[           main][0;39m [36mw.s.c.ServletWebServerApplicationContext[0;39m [2m:[0;39m Root WebApplicationContext: initialization completed in 819 ms
[2m2022-11-22 22:51:51.775[0;39m [32m INFO[0;39m [35m16280[0;39m [2m---[0;39m [2m[           main][0;39m [36mo.s.b.w.embedded.tomcat.TomcatWebServer [0;39m [2m:[0;39m Tomcat started on port(s): 9999 (http) with context path ''
[2m2022-11-22 22:51:57.952[0;39m [32m INFO[0;39m [35m16280[0;39m [2m---[0;39m [2m[nio-9999-exec-1][0;39m [36mo.s.web.servlet.DispatcherServlet       [0;39m [2m:[0;39m Initializing Servlet 'dispatcherServlet'
[2m2022-11-22 22:51:57.953[0;39m [32m INFO[0;39m [35m16280[0;39m [2m---[0;39m [2m[nio-9999-exec-1][0;39m [36mo.s.web.servlet.DispatcherServlet       [0;39m [2m:[0;39m Completed initialization in 1 ms
[2m2022-11-22 22:51:58.014[0;39m [31mERROR[0;39m [35m16280[0;39m [2m---[0;39m [2m[nio-9999-exec-1][0;39m [36mc.s.vue.model.service.JwtServiceImpl    [0;39m [2m:[0;39m JWT expired at 2022-11-22T22:48:27Z. Current time: 2022-11-22T22:51:58Z, a difference of 211013 milliseconds.  Allowed clock skew: 0 milliseconds.
[2m2022-11-22 22:51:58.014[0;39m [31mERROR[0;39m [35m16280[0;39m [2m---[0;39m [2m[nio-9999-exec-1][0;39m [36mc.ssafy.vue.controller.MemberController [0;39m [2m:[0;39m 사용 불가능 토큰!!!
[2m2022-11-22 22:51:58.053[0;39m [33m WARN[0;39m [35m16280[0;39m [2m---[0;39m [2m[nio-9999-exec-2][0;39m [36m.w.s.m.s.DefaultHandlerExceptionResolver[0;39m [2m:[0;39m Resolved [org.springframework.http.converter.HttpMessageNotReadableException: JSON parse error: Cannot construct instance of `com.ssafy.vue.model.FavoriteDto` (although at least one Creator exists): no String-argument constructor/factory method to deserialize from String value ('11110000000001'); nested exception is com.fasterxml.jackson.databind.exc.MismatchedInputException: Cannot construct instance of `com.ssafy.vue.model.FavoriteDto` (although at least one Creator exists): no String-argument constructor/factory method to deserialize from String value ('11110000000001')<EOL> at [Source: (org.springframework.util.StreamUtils$NonClosingInputStream); line: 1, column: 146] (through reference chain: com.ssafy.vue.model.MemberDto["aptFavorite"]->java.util.ArrayList[0])]
[2m2022-11-22 22:52:06.773[0;39m [32mDEBUG[0;39m [35m16280[0;39m [2m---[0;39m [2m[nio-9999-exec-4][0;39m [36mc.ssafy.vue.controller.MemberController [0;39m [2m:[0;39m 로그인 accessToken 정보 : eyJ0eXAiOiJKV1QiLCJyZWdEYXRlIjoxNjY5MTI1MTI2NzY2LCJhbGciOiJIUzI1NiJ9.eyJleHAiOjE2NjkxMjUxMzYsInN1YiI6ImFjY2Vzcy10b2tlbiIsInVzZXJpZCI6InNzYWZ5In0.4rfAK6XXUL0PutsULZWMkIxD3h3JpaZy8bzs-ZoykbA
[2m2022-11-22 22:52:06.774[0;39m [32mDEBUG[0;39m [35m16280[0;39m [2m---[0;39m [2m[nio-9999-exec-4][0;39m [36mc.ssafy.vue.controller.MemberController [0;39m [2m:[0;39m 로그인 refreshToken 정보 : eyJ0eXAiOiJKV1QiLCJyZWdEYXRlIjoxNjY5MTI1MTI2NzcwLCJhbGciOiJIUzI1NiJ9.eyJleHAiOjE2NjkxMjUxNTYsInN1YiI6InJlZnJlc2gtdG9rZW4iLCJ1c2VyaWQiOiJzc2FmeSJ9.W5bzGmtoTeB8gJxA9t09wiJQMmA3pN0I-8EXxIJ07BM
[2m2022-11-22 22:52:06.780[0;39m [32m INFO[0;39m [35m16280[0;39m [2m---[0;39m [2m[nio-9999-exec-5][0;39m [36mc.ssafy.vue.controller.MemberController [0;39m [2m:[0;39m 사용 가능한 토큰!!!
[2m2022-11-22 22:52:06.816[0;39m [31mERROR[0;39m [35m16280[0;39m [2m---[0;39m [2m[nio-9999-exec-5][0;39m [36mc.ssafy.vue.controller.MemberController [0;39m [2m:[0;39m 정보조회 실패 : {}

org.springframework.jdbc.BadSqlGrammarException: 
### Error querying database.  Cause: java.sql.SQLSyntaxErrorException: Unknown column 'no' in 'field list'
### The error may exist in file [C:\Users\Bomin Seo\Desktop\final\back\target\classes\mappers\member.xml]
### The error may involve com.ssafy.vue.model.mapper.MemberMapper.getFavoriteApt-Inline
### The error occurred while setting parameters
### SQL: select no,aptCode,favoritedTime   from favorite   where userid = ?
### Cause: java.sql.SQLSyntaxErrorException: Unknown column 'no' in 'field list'
; bad SQL grammar []; nested exception is java.sql.SQLSyntaxErrorException: Unknown column 'no' in 'field list'
	at org.springframework.jdbc.support.SQLErrorCodeSQLExceptionTranslator.doTranslate(SQLErrorCodeSQLExceptionTranslator.java:239)
	at org.springframework.jdbc.support.AbstractFallbackSQLExceptionTranslator.translate(AbstractFallbackSQLExceptionTranslator.java:70)
	at org.mybatis.spring.MyBatisExceptionTranslator.translateExceptionIfPossible(MyBatisExceptionTranslator.java:91)
	at org.mybatis.spring.SqlSessionTemplate$SqlSessionInterceptor.invoke(SqlSessionTemplate.java:441)
	at com.sun.proxy.$Proxy78.selectList(Unknown Source)
	at org.mybatis.spring.SqlSessionTemplate.selectList(SqlSessionTemplate.java:224)
	at org.apache.ibatis.binding.MapperMethod.executeForMany(MapperMethod.java:147)
	at org.apache.ibatis.binding.MapperMethod.execute(MapperMethod.java:80)
	at org.apache.ibatis.binding.MapperProxy$PlainMethodInvoker.invoke(MapperProxy.java:145)
	at org.apache.ibatis.binding.MapperProxy.invoke(MapperProxy.java:86)
	at com.sun.proxy.$Proxy103.getFavoriteApt(Unknown Source)
	at com.ssafy.vue.model.service.MemberServiceImpl.userInfo(MemberServiceImpl.java:30)
	at com.ssafy.vue.controller.MemberController.getInfo(MemberController.java:106)
	at sun.reflect.NativeMethodAccessorImpl.invoke0(Native Method)
	at sun.reflect.NativeMethodAccessorImpl.invoke(NativeMethodAccessorImpl.java:62)
	at sun.reflect.DelegatingMethodAccessorImpl.invoke(DelegatingMethodAccessorImpl.java:43)
	at java.lang.reflect.Method.invoke(Method.java:498)
	at org.springframework.web.method.support.InvocableHandlerMethod.doInvoke(InvocableHandlerMethod.java:205)
	at org.springframework.web.method.support.InvocableHandlerMethod.invokeForRequest(InvocableHandlerMethod.java:150)
	at org.springframework.web.servlet.mvc.method.annotation.ServletInvocableHandlerMethod.invokeAndHandle(ServletInvocableHandlerMethod.java:117)
	at org.springframework.web.servlet.mvc.method.annotation.RequestMappingHandlerAdapter.invokeHandlerMethod(RequestMappingHandlerAdapter.java:895)
	at org.springframework.web.servlet.mvc.method.annotation.RequestMappingHandlerAdapter.handleInternal(RequestMappingHandlerAdapter.java:808)
	at org.springframework.web.servlet.mvc.method.AbstractHandlerMethodAdapter.handle(AbstractHandlerMethodAdapter.java:87)
	at org.springframework.web.servlet.DispatcherServlet.doDispatch(DispatcherServlet.java:1071)
	at org.springframework.web.servlet.DispatcherServlet.doService(DispatcherServlet.java:964)
	at org.springframework.web.servlet.FrameworkServlet.processRequest(FrameworkServlet.java:1006)
	at org.springframework.web.servlet.FrameworkServlet.doGet(FrameworkServlet.java:898)
	at javax.servlet.http.HttpServlet.service(HttpServlet.java:670)
	at org.springframework.web.servlet.FrameworkServlet.service(FrameworkServlet.java:883)
	at javax.servlet.http.HttpServlet.service(HttpServlet.java:779)
	at org.apache.catalina.core.ApplicationFilterChain.internalDoFilter(ApplicationFilterChain.java:227)
	at org.apache.catalina.core.ApplicationFilterChain.doFilter(ApplicationFilterChain.java:162)
	at org.apache.tomcat.websocket.server.WsFilter.doFilter(WsFilter.java:53)
	at org.apache.catalina.core.ApplicationFilterChain.internalDoFilter(ApplicationFilterChain.java:189)
	at org.apache.catalina.core.ApplicationFilterChain.doFilter(ApplicationFilterChain.java:162)
	at org.springframework.web.filter.CharacterEncodingFilter.doFilterInternal(CharacterEncodingFilter.java:201)
	at org.springframework.web.filter.OncePerRequestFilter.doFilter(OncePerRequestFilter.java:117)
	at org.apache.catalina.core.ApplicationFilterChain.internalDoFilter(ApplicationFilterChain.java:189)
	at org.apache.catalina.core.ApplicationFilterChain.doFilter(ApplicationFilterChain.java:162)
	at org.apache.catalina.core.StandardWrapperValve.invoke(StandardWrapperValve.java:197)
	at org.apache.catalina.core.StandardContextValve.invoke(StandardContextValve.java:97)
	at org.apache.catalina.authenticator.AuthenticatorBase.invoke(AuthenticatorBase.java:541)
	at org.apache.catalina.core.StandardHostValve.invoke(StandardHostValve.java:135)
	at org.apache.catalina.valves.ErrorReportValve.invoke(ErrorReportValve.java:92)
	at org.apache.catalina.core.StandardEngineValve.invoke(StandardEngineValve.java:78)
	at org.apache.catalina.connector.CoyoteAdapter.service(CoyoteAdapter.java:360)
	at org.apache.coyote.http11.Http11Processor.service(Http11Processor.java:399)
	at org.apache.coyote.AbstractProcessorLight.process(AbstractProcessorLight.java:65)
	at org.apache.coyote.AbstractProtocol$ConnectionHandler.process(AbstractProtocol.java:893)
	at org.apache.tomcat.util.net.NioEndpoint$SocketProcessor.doRun(NioEndpoint.java:1789)
	at org.apache.tomcat.util.net.SocketProcessorBase.run(SocketProcessorBase.java:49)
	at org.apache.tomcat.util.threads.ThreadPoolExecutor.runWorker(ThreadPoolExecutor.java:1191)
	at org.apache.tomcat.util.threads.ThreadPoolExecutor$Worker.run(ThreadPoolExecutor.java:659)
	at org.apache.tomcat.util.threads.TaskThread$WrappingRunnable.run(TaskThread.java:61)
	at java.lang.Thread.run(Thread.java:748)
Caused by: java.sql.SQLSyntaxErrorException: Unknown column 'no' in 'field list'
	at com.mysql.cj.jdbc.exceptions.SQLError.createSQLException(SQLError.java:120)
	at com.mysql.cj.jdbc.exceptions.SQLExceptionsMapping.translateException(SQLExceptionsMapping.java:122)
	at com.mysql.cj.jdbc.ClientPreparedStatement.executeInternal(ClientPreparedStatement.java:916)
	at com.mysql.cj.jdbc.ClientPreparedStatement.execute(ClientPreparedStatement.java:354)
	at com.zaxxer.hikari.pool.ProxyPreparedStatement.execute(ProxyPreparedStatement.java:44)
	at com.zaxxer.hikari.pool.HikariProxyPreparedStatement.execute(HikariProxyPreparedStatement.java)
	at org.apache.ibatis.executor.statement.PreparedStatementHandler.query(PreparedStatementHandler.java:64)
	at org.apache.ibatis.executor.statement.RoutingStatementHandler.query(RoutingStatementHandler.java:79)
	at org.apache.ibatis.executor.SimpleExecutor.doQuery(SimpleExecutor.java:63)
	at org.apache.ibatis.executor.BaseExecutor.queryFromDatabase(BaseExecutor.java:325)
	at org.apache.ibatis.executor.BaseExecutor.query(BaseExecutor.java:156)
	at org.apache.ibatis.executor.CachingExecutor.query(CachingExecutor.java:109)
	at org.apache.ibatis.executor.CachingExecutor.query(CachingExecutor.java:89)
	at org.apache.ibatis.session.defaults.DefaultSqlSession.selectList(DefaultSqlSession.java:151)
	at org.apache.ibatis.session.defaults.DefaultSqlSession.selectList(DefaultSqlSession.java:145)
	at org.apache.ibatis.session.defaults.DefaultSqlSession.selectList(DefaultSqlSession.java:140)
	at sun.reflect.NativeMethodAccessorImpl.invoke0(Native Method)
	at sun.reflect.NativeMethodAccessorImpl.invoke(NativeMethodAccessorImpl.java:62)
	at sun.reflect.DelegatingMethodAccessorImpl.invoke(DelegatingMethodAccessorImpl.java:43)
	at java.lang.reflect.Method.invoke(Method.java:498)
	at org.mybatis.spring.SqlSessionTemplate$SqlSessionInterceptor.invoke(SqlSessionTemplate.java:427)
	... 51 common frames omitted

[2m2022-11-22 22:52:06.822[0;39m [33m WARN[0;39m [35m16280[0;39m [2m---[0;39m [2m[nio-9999-exec-6][0;39m [36m.w.s.m.s.DefaultHandlerExceptionResolver[0;39m [2m:[0;39m Resolved [org.springframework.http.converter.HttpMessageNotReadableException: Required request body is missing: public org.springframework.http.ResponseEntity<?> com.ssafy.vue.controller.MemberController.refreshToken(com.ssafy.vue.model.MemberDto,javax.servlet.http.HttpServletRequest) throws java.lang.Exception]
[2m2022-11-22 22:52:13.083[0;39m [32mDEBUG[0;39m [35m16280[0;39m [2m---[0;39m [2m[nio-9999-exec-7][0;39m [36mc.ssafy.vue.controller.MemberController [0;39m [2m:[0;39m 로그인 accessToken 정보 : eyJ0eXAiOiJKV1QiLCJyZWdEYXRlIjoxNjY5MTI1MTMzMDY5LCJhbGciOiJIUzI1NiJ9.eyJleHAiOjE2NjkxMjUxNDMsInN1YiI6ImFjY2Vzcy10b2tlbiIsInVzZXJpZCI6InNzYWZ5In0.bOnpAYD9FyRyyc2wfPvcZ7YJuZ2XdABpnBR5t9si0mQ
[2m2022-11-22 22:52:13.083[0;39m [32mDEBUG[0;39m [35m16280[0;39m [2m---[0;39m [2m[nio-9999-exec-7][0;39m [36mc.ssafy.vue.controller.MemberController [0;39m [2m:[0;39m 로그인 refreshToken 정보 : eyJ0eXAiOiJKV1QiLCJyZWdEYXRlIjoxNjY5MTI1MTMzMDY5LCJhbGciOiJIUzI1NiJ9.eyJleHAiOjE2NjkxMjUxNjMsInN1YiI6InJlZnJlc2gtdG9rZW4iLCJ1c2VyaWQiOiJzc2FmeSJ9.XlgZI_i58-vUOwExB92gqjTF7EE-tWugjnSPjwf6Daw
[2m2022-11-22 22:52:13.088[0;39m [32m INFO[0;39m [35m16280[0;39m [2m---[0;39m [2m[nio-9999-exec-8][0;39m [36mc.ssafy.vue.controller.MemberController [0;39m [2m:[0;39m 사용 가능한 토큰!!!
[2m2022-11-22 22:52:13.090[0;39m [31mERROR[0;39m [35m16280[0;39m [2m---[0;39m [2m[nio-9999-exec-8][0;39m [36mc.ssafy.vue.controller.MemberController [0;39m [2m:[0;39m 정보조회 실패 : {}

org.springframework.jdbc.BadSqlGrammarException: 
### Error querying database.  Cause: java.sql.SQLSyntaxErrorException: Unknown column 'no' in 'field list'
### The error may exist in file [C:\Users\Bomin Seo\Desktop\final\back\target\classes\mappers\member.xml]
### The error may involve com.ssafy.vue.model.mapper.MemberMapper.getFavoriteApt-Inline
### The error occurred while setting parameters
### SQL: select no,aptCode,favoritedTime   from favorite   where userid = ?
### Cause: java.sql.SQLSyntaxErrorException: Unknown column 'no' in 'field list'
; bad SQL grammar []; nested exception is java.sql.SQLSyntaxErrorException: Unknown column 'no' in 'field list'
	at org.springframework.jdbc.support.SQLErrorCodeSQLExceptionTranslator.doTranslate(SQLErrorCodeSQLExceptionTranslator.java:239)
	at org.springframework.jdbc.support.AbstractFallbackSQLExceptionTranslator.translate(AbstractFallbackSQLExceptionTranslator.java:70)
	at org.mybatis.spring.MyBatisExceptionTranslator.translateExceptionIfPossible(MyBatisExceptionTranslator.java:91)
	at org.mybatis.spring.SqlSessionTemplate$SqlSessionInterceptor.invoke(SqlSessionTemplate.java:441)
	at com.sun.proxy.$Proxy78.selectList(Unknown Source)
	at org.mybatis.spring.SqlSessionTemplate.selectList(SqlSessionTemplate.java:224)
	at org.apache.ibatis.binding.MapperMethod.executeForMany(MapperMethod.java:147)
	at org.apache.ibatis.binding.MapperMethod.execute(MapperMethod.java:80)
	at org.apache.ibatis.binding.MapperProxy$PlainMethodInvoker.invoke(MapperProxy.java:145)
	at org.apache.ibatis.binding.MapperProxy.invoke(MapperProxy.java:86)
	at com.sun.proxy.$Proxy103.getFavoriteApt(Unknown Source)
	at com.ssafy.vue.model.service.MemberServiceImpl.userInfo(MemberServiceImpl.java:30)
	at com.ssafy.vue.controller.MemberController.getInfo(MemberController.java:106)
	at sun.reflect.NativeMethodAccessorImpl.invoke0(Native Method)
	at sun.reflect.NativeMethodAccessorImpl.invoke(NativeMethodAccessorImpl.java:62)
	at sun.reflect.DelegatingMethodAccessorImpl.invoke(DelegatingMethodAccessorImpl.java:43)
	at java.lang.reflect.Method.invoke(Method.java:498)
	at org.springframework.web.method.support.InvocableHandlerMethod.doInvoke(InvocableHandlerMethod.java:205)
	at org.springframework.web.method.support.InvocableHandlerMethod.invokeForRequest(InvocableHandlerMethod.java:150)
	at org.springframework.web.servlet.mvc.method.annotation.ServletInvocableHandlerMethod.invokeAndHandle(ServletInvocableHandlerMethod.java:117)
	at org.springframework.web.servlet.mvc.method.annotation.RequestMappingHandlerAdapter.invokeHandlerMethod(RequestMappingHandlerAdapter.java:895)
	at org.springframework.web.servlet.mvc.method.annotation.RequestMappingHandlerAdapter.handleInternal(RequestMappingHandlerAdapter.java:808)
	at org.springframework.web.servlet.mvc.method.AbstractHandlerMethodAdapter.handle(AbstractHandlerMethodAdapter.java:87)
	at org.springframework.web.servlet.DispatcherServlet.doDispatch(DispatcherServlet.java:1071)
	at org.springframework.web.servlet.DispatcherServlet.doService(DispatcherServlet.java:964)
	at org.springframework.web.servlet.FrameworkServlet.processRequest(FrameworkServlet.java:1006)
	at org.springframework.web.servlet.FrameworkServlet.doGet(FrameworkServlet.java:898)
	at javax.servlet.http.HttpServlet.service(HttpServlet.java:670)
	at org.springframework.web.servlet.FrameworkServlet.service(FrameworkServlet.java:883)
	at javax.servlet.http.HttpServlet.service(HttpServlet.java:779)
	at org.apache.catalina.core.ApplicationFilterChain.internalDoFilter(ApplicationFilterChain.java:227)
	at org.apache.catalina.core.ApplicationFilterChain.doFilter(ApplicationFilterChain.java:162)
	at org.apache.tomcat.websocket.server.WsFilter.doFilter(WsFilter.java:53)
	at org.apache.catalina.core.ApplicationFilterChain.internalDoFilter(ApplicationFilterChain.java:189)
	at org.apache.catalina.core.ApplicationFilterChain.doFilter(ApplicationFilterChain.java:162)
	at org.springframework.web.filter.CharacterEncodingFilter.doFilterInternal(CharacterEncodingFilter.java:201)
	at org.springframework.web.filter.OncePerRequestFilter.doFilter(OncePerRequestFilter.java:117)
	at org.apache.catalina.core.ApplicationFilterChain.internalDoFilter(ApplicationFilterChain.java:189)
	at org.apache.catalina.core.ApplicationFilterChain.doFilter(ApplicationFilterChain.java:162)
	at org.apache.catalina.core.StandardWrapperValve.invoke(StandardWrapperValve.java:197)
	at org.apache.catalina.core.StandardContextValve.invoke(StandardContextValve.java:97)
	at org.apache.catalina.authenticator.AuthenticatorBase.invoke(AuthenticatorBase.java:541)
	at org.apache.catalina.core.StandardHostValve.invoke(StandardHostValve.java:135)
	at org.apache.catalina.valves.ErrorReportValve.invoke(ErrorReportValve.java:92)
	at org.apache.catalina.core.StandardEngineValve.invoke(StandardEngineValve.java:78)
	at org.apache.catalina.connector.CoyoteAdapter.service(CoyoteAdapter.java:360)
	at org.apache.coyote.http11.Http11Processor.service(Http11Processor.java:399)
	at org.apache.coyote.AbstractProcessorLight.process(AbstractProcessorLight.java:65)
	at org.apache.coyote.AbstractProtocol$ConnectionHandler.process(AbstractProtocol.java:893)
	at org.apache.tomcat.util.net.NioEndpoint$SocketProcessor.doRun(NioEndpoint.java:1789)
	at org.apache.tomcat.util.net.SocketProcessorBase.run(SocketProcessorBase.java:49)
	at org.apache.tomcat.util.threads.ThreadPoolExecutor.runWorker(ThreadPoolExecutor.java:1191)
	at org.apache.tomcat.util.threads.ThreadPoolExecutor$Worker.run(ThreadPoolExecutor.java:659)
	at org.apache.tomcat.util.threads.TaskThread$WrappingRunnable.run(TaskThread.java:61)
	at java.lang.Thread.run(Thread.java:748)
Caused by: java.sql.SQLSyntaxErrorException: Unknown column 'no' in 'field list'
	at com.mysql.cj.jdbc.exceptions.SQLError.createSQLException(SQLError.java:120)
	at com.mysql.cj.jdbc.exceptions.SQLExceptionsMapping.translateException(SQLExceptionsMapping.java:122)
	at com.mysql.cj.jdbc.ClientPreparedStatement.executeInternal(ClientPreparedStatement.java:916)
	at com.mysql.cj.jdbc.ClientPreparedStatement.execute(ClientPreparedStatement.java:354)
	at com.zaxxer.hikari.pool.ProxyPreparedStatement.execute(ProxyPreparedStatement.java:44)
	at com.zaxxer.hikari.pool.HikariProxyPreparedStatement.execute(HikariProxyPreparedStatement.java)
	at org.apache.ibatis.executor.statement.PreparedStatementHandler.query(PreparedStatementHandler.java:64)
	at org.apache.ibatis.executor.statement.RoutingStatementHandler.query(RoutingStatementHandler.java:79)
	at org.apache.ibatis.executor.SimpleExecutor.doQuery(SimpleExecutor.java:63)
	at org.apache.ibatis.executor.BaseExecutor.queryFromDatabase(BaseExecutor.java:325)
	at org.apache.ibatis.executor.BaseExecutor.query(BaseExecutor.java:156)
	at org.apache.ibatis.executor.CachingExecutor.query(CachingExecutor.java:109)
	at org.apache.ibatis.executor.CachingExecutor.query(CachingExecutor.java:89)
	at org.apache.ibatis.session.defaults.DefaultSqlSession.selectList(DefaultSqlSession.java:151)
	at org.apache.ibatis.session.defaults.DefaultSqlSession.selectList(DefaultSqlSession.java:145)
	at org.apache.ibatis.session.defaults.DefaultSqlSession.selectList(DefaultSqlSession.java:140)
	at sun.reflect.NativeMethodAccessorImpl.invoke0(Native Method)
	at sun.reflect.NativeMethodAccessorImpl.invoke(NativeMethodAccessorImpl.java:62)
	at sun.reflect.DelegatingMethodAccessorImpl.invoke(DelegatingMethodAccessorImpl.java:43)
	at java.lang.reflect.Method.invoke(Method.java:498)
	at org.mybatis.spring.SqlSessionTemplate$SqlSessionInterceptor.invoke(SqlSessionTemplate.java:427)
	... 51 common frames omitted

[2m2022-11-22 22:52:13.095[0;39m [33m WARN[0;39m [35m16280[0;39m [2m---[0;39m [2m[nio-9999-exec-9][0;39m [36m.w.s.m.s.DefaultHandlerExceptionResolver[0;39m [2m:[0;39m Resolved [org.springframework.http.converter.HttpMessageNotReadableException: Required request body is missing: public org.springframework.http.ResponseEntity<?> com.ssafy.vue.controller.MemberController.refreshToken(com.ssafy.vue.model.MemberDto,javax.servlet.http.HttpServletRequest) throws java.lang.Exception]
[2m2022-11-22 22:52:18.284[0;39m [32mDEBUG[0;39m [35m16280[0;39m [2m---[0;39m [2m[io-9999-exec-10][0;39m [36mc.ssafy.vue.controller.MemberController [0;39m [2m:[0;39m 로그인 accessToken 정보 : eyJ0eXAiOiJKV1QiLCJyZWdEYXRlIjoxNjY5MTI1MTM4MjcwLCJhbGciOiJIUzI1NiJ9.eyJleHAiOjE2NjkxMjUxNDgsInN1YiI6ImFjY2Vzcy10b2tlbiIsInVzZXJpZCI6ImFkbWluIn0.20kz6L_rQDTVBO4LBpxv5nzVhlrNr0NP9Nl2aoXyW2E
[2m2022-11-22 22:52:18.284[0;39m [32mDEBUG[0;39m [35m16280[0;39m [2m---[0;39m [2m[io-9999-exec-10][0;39m [36mc.ssafy.vue.controller.MemberController [0;39m [2m:[0;39m 로그인 refreshToken 정보 : eyJ0eXAiOiJKV1QiLCJyZWdEYXRlIjoxNjY5MTI1MTM4MjcwLCJhbGciOiJIUzI1NiJ9.eyJleHAiOjE2NjkxMjUxNjgsInN1YiI6InJlZnJlc2gtdG9rZW4iLCJ1c2VyaWQiOiJhZG1pbiJ9.YA63WD_9qnaejT89dKFFsU3VFYRSlGp3Kte_8IEdENw
[2m2022-11-22 22:52:18.292[0;39m [32m INFO[0;39m [35m16280[0;39m [2m---[0;39m [2m[nio-9999-exec-2][0;39m [36mc.ssafy.vue.controller.MemberController [0;39m [2m:[0;39m 사용 가능한 토큰!!!
[2m2022-11-22 22:52:18.295[0;39m [31mERROR[0;39m [35m16280[0;39m [2m---[0;39m [2m[nio-9999-exec-2][0;39m [36mc.ssafy.vue.controller.MemberController [0;39m [2m:[0;39m 정보조회 실패 : {}

org.springframework.jdbc.BadSqlGrammarException: 
### Error querying database.  Cause: java.sql.SQLSyntaxErrorException: Unknown column 'no' in 'field list'
### The error may exist in file [C:\Users\Bomin Seo\Desktop\final\back\target\classes\mappers\member.xml]
### The error may involve com.ssafy.vue.model.mapper.MemberMapper.getFavoriteApt-Inline
### The error occurred while setting parameters
### SQL: select no,aptCode,favoritedTime   from favorite   where userid = ?
### Cause: java.sql.SQLSyntaxErrorException: Unknown column 'no' in 'field list'
; bad SQL grammar []; nested exception is java.sql.SQLSyntaxErrorException: Unknown column 'no' in 'field list'
	at org.springframework.jdbc.support.SQLErrorCodeSQLExceptionTranslator.doTranslate(SQLErrorCodeSQLExceptionTranslator.java:239)
	at org.springframework.jdbc.support.AbstractFallbackSQLExceptionTranslator.translate(AbstractFallbackSQLExceptionTranslator.java:70)
	at org.mybatis.spring.MyBatisExceptionTranslator.translateExceptionIfPossible(MyBatisExceptionTranslator.java:91)
	at org.mybatis.spring.SqlSessionTemplate$SqlSessionInterceptor.invoke(SqlSessionTemplate.java:441)
	at com.sun.proxy.$Proxy78.selectList(Unknown Source)
	at org.mybatis.spring.SqlSessionTemplate.selectList(SqlSessionTemplate.java:224)
	at org.apache.ibatis.binding.MapperMethod.executeForMany(MapperMethod.java:147)
	at org.apache.ibatis.binding.MapperMethod.execute(MapperMethod.java:80)
	at org.apache.ibatis.binding.MapperProxy$PlainMethodInvoker.invoke(MapperProxy.java:145)
	at org.apache.ibatis.binding.MapperProxy.invoke(MapperProxy.java:86)
	at com.sun.proxy.$Proxy103.getFavoriteApt(Unknown Source)
	at com.ssafy.vue.model.service.MemberServiceImpl.userInfo(MemberServiceImpl.java:30)
	at com.ssafy.vue.controller.MemberController.getInfo(MemberController.java:106)
	at sun.reflect.NativeMethodAccessorImpl.invoke0(Native Method)
	at sun.reflect.NativeMethodAccessorImpl.invoke(NativeMethodAccessorImpl.java:62)
	at sun.reflect.DelegatingMethodAccessorImpl.invoke(DelegatingMethodAccessorImpl.java:43)
	at java.lang.reflect.Method.invoke(Method.java:498)
	at org.springframework.web.method.support.InvocableHandlerMethod.doInvoke(InvocableHandlerMethod.java:205)
	at org.springframework.web.method.support.InvocableHandlerMethod.invokeForRequest(InvocableHandlerMethod.java:150)
	at org.springframework.web.servlet.mvc.method.annotation.ServletInvocableHandlerMethod.invokeAndHandle(ServletInvocableHandlerMethod.java:117)
	at org.springframework.web.servlet.mvc.method.annotation.RequestMappingHandlerAdapter.invokeHandlerMethod(RequestMappingHandlerAdapter.java:895)
	at org.springframework.web.servlet.mvc.method.annotation.RequestMappingHandlerAdapter.handleInternal(RequestMappingHandlerAdapter.java:808)
	at org.springframework.web.servlet.mvc.method.AbstractHandlerMethodAdapter.handle(AbstractHandlerMethodAdapter.java:87)
	at org.springframework.web.servlet.DispatcherServlet.doDispatch(DispatcherServlet.java:1071)
	at org.springframework.web.servlet.DispatcherServlet.doService(DispatcherServlet.java:964)
	at org.springframework.web.servlet.FrameworkServlet.processRequest(FrameworkServlet.java:1006)
	at org.springframework.web.servlet.FrameworkServlet.doGet(FrameworkServlet.java:898)
	at javax.servlet.http.HttpServlet.service(HttpServlet.java:670)
	at org.springframework.web.servlet.FrameworkServlet.service(FrameworkServlet.java:883)
	at javax.servlet.http.HttpServlet.service(HttpServlet.java:779)
	at org.apache.catalina.core.ApplicationFilterChain.internalDoFilter(ApplicationFilterChain.java:227)
	at org.apache.catalina.core.ApplicationFilterChain.doFilter(ApplicationFilterChain.java:162)
	at org.apache.tomcat.websocket.server.WsFilter.doFilter(WsFilter.java:53)
	at org.apache.catalina.core.ApplicationFilterChain.internalDoFilter(ApplicationFilterChain.java:189)
	at org.apache.catalina.core.ApplicationFilterChain.doFilter(ApplicationFilterChain.java:162)
	at org.springframework.web.filter.CharacterEncodingFilter.doFilterInternal(CharacterEncodingFilter.java:201)
	at org.springframework.web.filter.OncePerRequestFilter.doFilter(OncePerRequestFilter.java:117)
	at org.apache.catalina.core.ApplicationFilterChain.internalDoFilter(ApplicationFilterChain.java:189)
	at org.apache.catalina.core.ApplicationFilterChain.doFilter(ApplicationFilterChain.java:162)
	at org.apache.catalina.core.StandardWrapperValve.invoke(StandardWrapperValve.java:197)
	at org.apache.catalina.core.StandardContextValve.invoke(StandardContextValve.java:97)
	at org.apache.catalina.authenticator.AuthenticatorBase.invoke(AuthenticatorBase.java:541)
	at org.apache.catalina.core.StandardHostValve.invoke(StandardHostValve.java:135)
	at org.apache.catalina.valves.ErrorReportValve.invoke(ErrorReportValve.java:92)
	at org.apache.catalina.core.StandardEngineValve.invoke(StandardEngineValve.java:78)
	at org.apache.catalina.connector.CoyoteAdapter.service(CoyoteAdapter.java:360)
	at org.apache.coyote.http11.Http11Processor.service(Http11Processor.java:399)
	at org.apache.coyote.AbstractProcessorLight.process(AbstractProcessorLight.java:65)
	at org.apache.coyote.AbstractProtocol$ConnectionHandler.process(AbstractProtocol.java:893)
	at org.apache.tomcat.util.net.NioEndpoint$SocketProcessor.doRun(NioEndpoint.java:1789)
	at org.apache.tomcat.util.net.SocketProcessorBase.run(SocketProcessorBase.java:49)
	at org.apache.tomcat.util.threads.ThreadPoolExecutor.runWorker(ThreadPoolExecutor.java:1191)
	at org.apache.tomcat.util.threads.ThreadPoolExecutor$Worker.run(ThreadPoolExecutor.java:659)
	at org.apache.tomcat.util.threads.TaskThread$WrappingRunnable.run(TaskThread.java:61)
	at java.lang.Thread.run(Thread.java:748)
Caused by: java.sql.SQLSyntaxErrorException: Unknown column 'no' in 'field list'
	at com.mysql.cj.jdbc.exceptions.SQLError.createSQLException(SQLError.java:120)
	at com.mysql.cj.jdbc.exceptions.SQLExceptionsMapping.translateException(SQLExceptionsMapping.java:122)
	at com.mysql.cj.jdbc.ClientPreparedStatement.executeInternal(ClientPreparedStatement.java:916)
	at com.mysql.cj.jdbc.ClientPreparedStatement.execute(ClientPreparedStatement.java:354)
	at com.zaxxer.hikari.pool.ProxyPreparedStatement.execute(ProxyPreparedStatement.java:44)
	at com.zaxxer.hikari.pool.HikariProxyPreparedStatement.execute(HikariProxyPreparedStatement.java)
	at org.apache.ibatis.executor.statement.PreparedStatementHandler.query(PreparedStatementHandler.java:64)
	at org.apache.ibatis.executor.statement.RoutingStatementHandler.query(RoutingStatementHandler.java:79)
	at org.apache.ibatis.executor.SimpleExecutor.doQuery(SimpleExecutor.java:63)
	at org.apache.ibatis.executor.BaseExecutor.queryFromDatabase(BaseExecutor.java:325)
	at org.apache.ibatis.executor.BaseExecutor.query(BaseExecutor.java:156)
	at org.apache.ibatis.executor.CachingExecutor.query(CachingExecutor.java:109)
	at org.apache.ibatis.executor.CachingExecutor.query(CachingExecutor.java:89)
	at org.apache.ibatis.session.defaults.DefaultSqlSession.selectList(DefaultSqlSession.java:151)
	at org.apache.ibatis.session.defaults.DefaultSqlSession.selectList(DefaultSqlSession.java:145)
	at org.apache.ibatis.session.defaults.DefaultSqlSession.selectList(DefaultSqlSession.java:140)
	at sun.reflect.NativeMethodAccessorImpl.invoke0(Native Method)
	at sun.reflect.NativeMethodAccessorImpl.invoke(NativeMethodAccessorImpl.java:62)
	at sun.reflect.DelegatingMethodAccessorImpl.invoke(DelegatingMethodAccessorImpl.java:43)
	at java.lang.reflect.Method.invoke(Method.java:498)
	at org.mybatis.spring.SqlSessionTemplate$SqlSessionInterceptor.invoke(SqlSessionTemplate.java:427)
	... 51 common frames omitted

[2m2022-11-22 22:52:18.301[0;39m [33m WARN[0;39m [35m16280[0;39m [2m---[0;39m [2m[nio-9999-exec-3][0;39m [36m.w.s.m.s.DefaultHandlerExceptionResolver[0;39m [2m:[0;39m Resolved [org.springframework.http.converter.HttpMessageNotReadableException: Required request body is missing: public org.springframework.http.ResponseEntity<?> com.ssafy.vue.controller.MemberController.refreshToken(com.ssafy.vue.model.MemberDto,javax.servlet.http.HttpServletRequest) throws java.lang.Exception]
[2m2022-11-22 22:52:49.052[0;39m [32m INFO[0;39m [35m16280[0;39m [2m---[0;39m [2m[on(2)-127.0.0.1][0;39m [36minMXBeanRegistrar$SpringApplicationAdmin[0;39m [2m:[0;39m Application shutdown requested.
[2m2022-11-22 22:52:49.091[0;39m [33m WARN[0;39m [35m16280[0;39m [2m---[0;39m [2m[on(2)-127.0.0.1][0;39m [36mo.a.c.loader.WebappClassLoaderBase      [0;39m [2m:[0;39m The web application [ROOT] appears to have started a thread named [HikariPool-1 housekeeper] but has failed to stop it. This is very likely to create a memory leak. Stack trace of thread:
 sun.misc.Unsafe.park(Native Method)
 java.util.concurrent.locks.LockSupport.parkNanos(LockSupport.java:215)
 java.util.concurrent.locks.AbstractQueuedSynchronizer$ConditionObject.awaitNanos(AbstractQueuedSynchronizer.java:2078)
 java.util.concurrent.ScheduledThreadPoolExecutor$DelayedWorkQueue.take(ScheduledThreadPoolExecutor.java:1093)
 java.util.concurrent.ScheduledThreadPoolExecutor$DelayedWorkQueue.take(ScheduledThreadPoolExecutor.java:809)
 java.util.concurrent.ThreadPoolExecutor.getTask(ThreadPoolExecutor.java:1074)
 java.util.concurrent.ThreadPoolExecutor.runWorker(ThreadPoolExecutor.java:1134)
 java.util.concurrent.ThreadPoolExecutor$Worker.run(ThreadPoolExecutor.java:624)
 java.lang.Thread.run(Thread.java:748)
[2m2022-11-22 22:52:53.265[0;39m [32m INFO[0;39m [35m17252[0;39m [2m---[0;39m [2m[           main][0;39m [36mo.s.b.w.embedded.tomcat.TomcatWebServer [0;39m [2m:[0;39m Tomcat initialized with port(s): 9999 (http)
[2m2022-11-22 22:52:53.349[0;39m [32m INFO[0;39m [35m17252[0;39m [2m---[0;39m [2m[           main][0;39m [36mw.s.c.ServletWebServerApplicationContext[0;39m [2m:[0;39m Root WebApplicationContext: initialization completed in 789 ms
[2m2022-11-22 22:52:53.853[0;39m [32m INFO[0;39m [35m17252[0;39m [2m---[0;39m [2m[           main][0;39m [36mo.s.b.w.embedded.tomcat.TomcatWebServer [0;39m [2m:[0;39m Tomcat started on port(s): 9999 (http) with context path ''
[2m2022-11-22 22:53:02.630[0;39m [32m INFO[0;39m [35m17252[0;39m [2m---[0;39m [2m[nio-9999-exec-1][0;39m [36mo.s.web.servlet.DispatcherServlet       [0;39m [2m:[0;39m Initializing Servlet 'dispatcherServlet'
[2m2022-11-22 22:53:02.631[0;39m [32m INFO[0;39m [35m17252[0;39m [2m---[0;39m [2m[nio-9999-exec-1][0;39m [36mo.s.web.servlet.DispatcherServlet       [0;39m [2m:[0;39m Completed initialization in 0 ms
[2m2022-11-22 22:53:02.875[0;39m [32mDEBUG[0;39m [35m17252[0;39m [2m---[0;39m [2m[nio-9999-exec-1][0;39m [36mc.ssafy.vue.controller.MemberController [0;39m [2m:[0;39m 로그인 accessToken 정보 : eyJ0eXAiOiJKV1QiLCJyZWdEYXRlIjoxNjY5MTI1MTgyODQxLCJhbGciOiJIUzI1NiJ9.eyJleHAiOjE2NjkxMjUxOTIsInN1YiI6ImFjY2Vzcy10b2tlbiIsInVzZXJpZCI6InNzYWZ5In0.bL0qWp7XqK9Npzj2gvnRCmAzg9DLvvM13TyixD-kQ_8
[2m2022-11-22 22:53:02.876[0;39m [32mDEBUG[0;39m [35m17252[0;39m [2m---[0;39m [2m[nio-9999-exec-1][0;39m [36mc.ssafy.vue.controller.MemberController [0;39m [2m:[0;39m 로그인 refreshToken 정보 : eyJ0eXAiOiJKV1QiLCJyZWdEYXRlIjoxNjY5MTI1MTgyODYxLCJhbGciOiJIUzI1NiJ9.eyJleHAiOjE2NjkxMjUyMTIsInN1YiI6InJlZnJlc2gtdG9rZW4iLCJ1c2VyaWQiOiJzc2FmeSJ9.CEJjLXx_GKblwzL6zRmVHLHFxNd-AZjHmOghMr0GhDw
[2m2022-11-22 22:53:02.901[0;39m [32m INFO[0;39m [35m17252[0;39m [2m---[0;39m [2m[nio-9999-exec-2][0;39m [36mc.ssafy.vue.controller.MemberController [0;39m [2m:[0;39m 사용 가능한 토큰!!!
[2m2022-11-22 22:53:06.187[0;39m [32m INFO[0;39m [35m17252[0;39m [2m---[0;39m [2m[nio-9999-exec-3][0;39m [36mc.ssafy.vue.controller.MemberController [0;39m [2m:[0;39m 사용 가능한 토큰!!!
[2m2022-11-22 22:54:18.347[0;39m [32m INFO[0;39m [35m17252[0;39m [2m---[0;39m [2m[on(2)-127.0.0.1][0;39m [36minMXBeanRegistrar$SpringApplicationAdmin[0;39m [2m:[0;39m Application shutdown requested.
[2m2022-11-22 22:54:18.384[0;39m [33m WARN[0;39m [35m17252[0;39m [2m---[0;39m [2m[on(2)-127.0.0.1][0;39m [36mo.a.c.loader.WebappClassLoaderBase      [0;39m [2m:[0;39m The web application [ROOT] appears to have started a thread named [HikariPool-1 housekeeper] but has failed to stop it. This is very likely to create a memory leak. Stack trace of thread:
 sun.misc.Unsafe.park(Native Method)
 java.util.concurrent.locks.LockSupport.parkNanos(LockSupport.java:215)
 java.util.concurrent.locks.AbstractQueuedSynchronizer$ConditionObject.awaitNanos(AbstractQueuedSynchronizer.java:2078)
 java.util.concurrent.ScheduledThreadPoolExecutor$DelayedWorkQueue.take(ScheduledThreadPoolExecutor.java:1093)
 java.util.concurrent.ScheduledThreadPoolExecutor$DelayedWorkQueue.take(ScheduledThreadPoolExecutor.java:809)
 java.util.concurrent.ThreadPoolExecutor.getTask(ThreadPoolExecutor.java:1074)
 java.util.concurrent.ThreadPoolExecutor.runWorker(ThreadPoolExecutor.java:1134)
 java.util.concurrent.ThreadPoolExecutor$Worker.run(ThreadPoolExecutor.java:624)
 java.lang.Thread.run(Thread.java:748)
[2m2022-11-22 22:54:22.560[0;39m [32m INFO[0;39m [35m17232[0;39m [2m---[0;39m [2m[           main][0;39m [36mo.s.b.w.embedded.tomcat.TomcatWebServer [0;39m [2m:[0;39m Tomcat initialized with port(s): 9999 (http)
[2m2022-11-22 22:54:22.659[0;39m [32m INFO[0;39m [35m17232[0;39m [2m---[0;39m [2m[           main][0;39m [36mw.s.c.ServletWebServerApplicationContext[0;39m [2m:[0;39m Root WebApplicationContext: initialization completed in 803 ms
[2m2022-11-22 22:54:23.157[0;39m [32m INFO[0;39m [35m17232[0;39m [2m---[0;39m [2m[           main][0;39m [36mo.s.b.w.embedded.tomcat.TomcatWebServer [0;39m [2m:[0;39m Tomcat started on port(s): 9999 (http) with context path ''
[2m2022-11-22 22:54:29.282[0;39m [32m INFO[0;39m [35m17232[0;39m [2m---[0;39m [2m[nio-9999-exec-1][0;39m [36mo.s.web.servlet.DispatcherServlet       [0;39m [2m:[0;39m Initializing Servlet 'dispatcherServlet'
[2m2022-11-22 22:54:29.284[0;39m [32m INFO[0;39m [35m17232[0;39m [2m---[0;39m [2m[nio-9999-exec-1][0;39m [36mo.s.web.servlet.DispatcherServlet       [0;39m [2m:[0;39m Completed initialization in 1 ms
[2m2022-11-22 22:54:29.353[0;39m [31mERROR[0;39m [35m17232[0;39m [2m---[0;39m [2m[nio-9999-exec-1][0;39m [36mc.s.vue.model.service.JwtServiceImpl    [0;39m [2m:[0;39m JWT expired at 2022-11-22T22:53:12Z. Current time: 2022-11-22T22:54:29Z, a difference of 77352 milliseconds.  Allowed clock skew: 0 milliseconds.
[2m2022-11-22 22:54:29.353[0;39m [31mERROR[0;39m [35m17232[0;39m [2m---[0;39m [2m[nio-9999-exec-1][0;39m [36mc.ssafy.vue.controller.MemberController [0;39m [2m:[0;39m 사용 불가능 토큰!!!
[2m2022-11-22 22:54:29.390[0;39m [32mDEBUG[0;39m [35m17232[0;39m [2m---[0;39m [2m[nio-9999-exec-2][0;39m [36mc.ssafy.vue.controller.MemberController [0;39m [2m:[0;39m token : eyJ0eXAiOiJKV1QiLCJyZWdEYXRlIjoxNjY5MTI1MTgyODYxLCJhbGciOiJIUzI1NiJ9.eyJleHAiOjE2NjkxMjUyMTIsInN1YiI6InJlZnJlc2gtdG9rZW4iLCJ1c2VyaWQiOiJzc2FmeSJ9.CEJjLXx_GKblwzL6zRmVHLHFxNd-AZjHmOghMr0GhDw, memberDto : com.ssafy.vue.model.MemberDto@2612c100
[2m2022-11-22 22:54:29.391[0;39m [31mERROR[0;39m [35m17232[0;39m [2m---[0;39m [2m[nio-9999-exec-2][0;39m [36mc.s.vue.model.service.JwtServiceImpl    [0;39m [2m:[0;39m JWT expired at 2022-11-22T22:53:32Z. Current time: 2022-11-22T22:54:29Z, a difference of 57391 milliseconds.  Allowed clock skew: 0 milliseconds.
[2m2022-11-22 22:54:29.392[0;39m [32mDEBUG[0;39m [35m17232[0;39m [2m---[0;39m [2m[nio-9999-exec-2][0;39m [36mc.ssafy.vue.controller.MemberController [0;39m [2m:[0;39m 리프레쉬토큰도 사용불!!!!!!!
[2m2022-11-22 22:54:32.700[0;39m [32mDEBUG[0;39m [35m17232[0;39m [2m---[0;39m [2m[nio-9999-exec-4][0;39m [36mc.ssafy.vue.controller.MemberController [0;39m [2m:[0;39m 로그인 accessToken 정보 : eyJ0eXAiOiJKV1QiLCJyZWdEYXRlIjoxNjY5MTI1MjcyNjgxLCJhbGciOiJIUzI1NiJ9.eyJleHAiOjE2NjkxMjUyODIsInN1YiI6ImFjY2Vzcy10b2tlbiIsInVzZXJpZCI6InNzYWZ5In0.8UofKdgE5zU0UZ9xSHKTefgEQBfQkQTAnWYquj0NhBw
[2m2022-11-22 22:54:32.700[0;39m [32mDEBUG[0;39m [35m17232[0;39m [2m---[0;39m [2m[nio-9999-exec-4][0;39m [36mc.ssafy.vue.controller.MemberController [0;39m [2m:[0;39m 로그인 refreshToken 정보 : eyJ0eXAiOiJKV1QiLCJyZWdEYXRlIjoxNjY5MTI1MjcyNjg2LCJhbGciOiJIUzI1NiJ9.eyJleHAiOjE2NjkxMjUzMDIsInN1YiI6InJlZnJlc2gtdG9rZW4iLCJ1c2VyaWQiOiJzc2FmeSJ9.V-724u2801nyh-urQEtmtAb65G_8m1m4y8SUl8_EEvg
[2m2022-11-22 22:54:32.707[0;39m [32m INFO[0;39m [35m17232[0;39m [2m---[0;39m [2m[nio-9999-exec-5][0;39m [36mc.ssafy.vue.controller.MemberController [0;39m [2m:[0;39m 사용 가능한 토큰!!!
[2m2022-11-22 22:54:43.273[0;39m [31mERROR[0;39m [35m17232[0;39m [2m---[0;39m [2m[nio-9999-exec-6][0;39m [36mc.s.vue.model.service.JwtServiceImpl    [0;39m [2m:[0;39m JWT expired at 2022-11-22T22:54:42Z. Current time: 2022-11-22T22:54:43Z, a difference of 1273 milliseconds.  Allowed clock skew: 0 milliseconds.
[2m2022-11-22 22:54:43.273[0;39m [31mERROR[0;39m [35m17232[0;39m [2m---[0;39m [2m[nio-9999-exec-6][0;39m [36mc.ssafy.vue.controller.MemberController [0;39m [2m:[0;39m 사용 불가능 토큰!!!
[2m2022-11-22 22:54:43.279[0;39m [32mDEBUG[0;39m [35m17232[0;39m [2m---[0;39m [2m[nio-9999-exec-7][0;39m [36mc.ssafy.vue.controller.MemberController [0;39m [2m:[0;39m token : eyJ0eXAiOiJKV1QiLCJyZWdEYXRlIjoxNjY5MTI1MjcyNjg2LCJhbGciOiJIUzI1NiJ9.eyJleHAiOjE2NjkxMjUzMDIsInN1YiI6InJlZnJlc2gtdG9rZW4iLCJ1c2VyaWQiOiJzc2FmeSJ9.V-724u2801nyh-urQEtmtAb65G_8m1m4y8SUl8_EEvg, memberDto : com.ssafy.vue.model.MemberDto@200d29ad
[2m2022-11-22 22:54:43.282[0;39m [32mDEBUG[0;39m [35m17232[0;39m [2m---[0;39m [2m[nio-9999-exec-7][0;39m [36mc.ssafy.vue.controller.MemberController [0;39m [2m:[0;39m token : eyJ0eXAiOiJKV1QiLCJyZWdEYXRlIjoxNjY5MTI1MjgzMjgyLCJhbGciOiJIUzI1NiJ9.eyJleHAiOjE2NjkxMjUyOTMsInN1YiI6ImFjY2Vzcy10b2tlbiIsInVzZXJpZCI6InNzYWZ5In0.QaalPnpI2UmpdyYQ0CJHaFYK6Og1zNLFfk6D716yil8
[2m2022-11-22 22:54:43.282[0;39m [32mDEBUG[0;39m [35m17232[0;39m [2m---[0;39m [2m[nio-9999-exec-7][0;39m [36mc.ssafy.vue.controller.MemberController [0;39m [2m:[0;39m 정상적으로 액세스토큰 재발급!!!
[2m2022-11-22 22:56:59.702[0;39m [32mDEBUG[0;39m [35m17232[0;39m [2m---[0;39m [2m[l-1 housekeeper][0;39m [36mcom.zaxxer.hikari.pool.HikariPool       [0;39m [2m:[0;39m HikariPool-1 - Pool stats (total=10, active=0, idle=10, waiting=0)
[2m2022-11-22 22:56:59.702[0;39m [32mDEBUG[0;39m [35m17232[0;39m [2m---[0;39m [2m[l-1 housekeeper][0;39m [36mcom.zaxxer.hikari.pool.HikariPool       [0;39m [2m:[0;39m HikariPool-1 - Fill pool skipped, pool is at sufficient level.
[2m2022-11-22 22:57:29.716[0;39m [32mDEBUG[0;39m [35m17232[0;39m [2m---[0;39m [2m[l-1 housekeeper][0;39m [36mcom.zaxxer.hikari.pool.HikariPool       [0;39m [2m:[0;39m HikariPool-1 - Pool stats (total=10, active=0, idle=10, waiting=0)
[2m2022-11-22 22:57:29.716[0;39m [32mDEBUG[0;39m [35m17232[0;39m [2m---[0;39m [2m[l-1 housekeeper][0;39m [36mcom.zaxxer.hikari.pool.HikariPool       [0;39m [2m:[0;39m HikariPool-1 - Fill pool skipped, pool is at sufficient level.
[2m2022-11-22 22:57:59.725[0;39m [32mDEBUG[0;39m [35m17232[0;39m [2m---[0;39m [2m[l-1 housekeeper][0;39m [36mcom.zaxxer.hikari.pool.HikariPool       [0;39m [2m:[0;39m HikariPool-1 - Pool stats (total=10, active=0, idle=10, waiting=0)
[2m2022-11-22 22:57:59.725[0;39m [32mDEBUG[0;39m [35m17232[0;39m [2m---[0;39m [2m[l-1 housekeeper][0;39m [36mcom.zaxxer.hikari.pool.HikariPool       [0;39m [2m:[0;39m HikariPool-1 - Fill pool skipped, pool is at sufficient level.
[2m2022-11-22 22:58:29.733[0;39m [32mDEBUG[0;39m [35m17232[0;39m [2m---[0;39m [2m[l-1 housekeeper][0;39m [36mcom.zaxxer.hikari.pool.HikariPool       [0;39m [2m:[0;39m HikariPool-1 - Pool stats (total=10, active=0, idle=10, waiting=0)
[2m2022-11-22 22:58:29.733[0;39m [32mDEBUG[0;39m [35m17232[0;39m [2m---[0;39m [2m[l-1 housekeeper][0;39m [36mcom.zaxxer.hikari.pool.HikariPool       [0;39m [2m:[0;39m HikariPool-1 - Fill pool skipped, pool is at sufficient level.
[2m2022-11-22 22:58:59.739[0;39m [32mDEBUG[0;39m [35m17232[0;39m [2m---[0;39m [2m[l-1 housekeeper][0;39m [36mcom.zaxxer.hikari.pool.HikariPool       [0;39m [2m:[0;39m HikariPool-1 - Pool stats (total=10, active=0, idle=10, waiting=0)
[2m2022-11-22 22:58:59.739[0;39m [32mDEBUG[0;39m [35m17232[0;39m [2m---[0;39m [2m[l-1 housekeeper][0;39m [36mcom.zaxxer.hikari.pool.HikariPool       [0;39m [2m:[0;39m HikariPool-1 - Fill pool skipped, pool is at sufficient level.
[2m2022-11-22 22:59:29.753[0;39m [32mDEBUG[0;39m [35m17232[0;39m [2m---[0;39m [2m[l-1 housekeeper][0;39m [36mcom.zaxxer.hikari.pool.HikariPool       [0;39m [2m:[0;39m HikariPool-1 - Pool stats (total=10, active=0, idle=10, waiting=0)
[2m2022-11-22 22:59:29.753[0;39m [32mDEBUG[0;39m [35m17232[0;39m [2m---[0;39m [2m[l-1 housekeeper][0;39m [36mcom.zaxxer.hikari.pool.HikariPool       [0;39m [2m:[0;39m HikariPool-1 - Fill pool skipped, pool is at sufficient level.
[2m2022-11-22 22:59:59.764[0;39m [32mDEBUG[0;39m [35m17232[0;39m [2m---[0;39m [2m[l-1 housekeeper][0;39m [36mcom.zaxxer.hikari.pool.HikariPool       [0;39m [2m:[0;39m HikariPool-1 - Pool stats (total=10, active=0, idle=10, waiting=0)
[2m2022-11-22 22:59:59.764[0;39m [32mDEBUG[0;39m [35m17232[0;39m [2m---[0;39m [2m[l-1 housekeeper][0;39m [36mcom.zaxxer.hikari.pool.HikariPool       [0;39m [2m:[0;39m HikariPool-1 - Fill pool skipped, pool is at sufficient level.
[2m2022-11-22 23:00:29.777[0;39m [32mDEBUG[0;39m [35m17232[0;39m [2m---[0;39m [2m[l-1 housekeeper][0;39m [36mcom.zaxxer.hikari.pool.HikariPool       [0;39m [2m:[0;39m HikariPool-1 - Pool stats (total=10, active=0, idle=10, waiting=0)
[2m2022-11-22 23:00:29.777[0;39m [32mDEBUG[0;39m [35m17232[0;39m [2m---[0;39m [2m[l-1 housekeeper][0;39m [36mcom.zaxxer.hikari.pool.HikariPool       [0;39m [2m:[0;39m HikariPool-1 - Fill pool skipped, pool is at sufficient level.
[2m2022-11-22 23:00:59.790[0;39m [32mDEBUG[0;39m [35m17232[0;39m [2m---[0;39m [2m[l-1 housekeeper][0;39m [36mcom.zaxxer.hikari.pool.HikariPool       [0;39m [2m:[0;39m HikariPool-1 - Pool stats (total=10, active=0, idle=10, waiting=0)
[2m2022-11-22 23:00:59.790[0;39m [32mDEBUG[0;39m [35m17232[0;39m [2m---[0;39m [2m[l-1 housekeeper][0;39m [36mcom.zaxxer.hikari.pool.HikariPool       [0;39m [2m:[0;39m HikariPool-1 - Fill pool skipped, pool is at sufficient level.
[2m2022-11-22 23:01:01.609[0;39m [32m INFO[0;39m [35m17232[0;39m [2m---[0;39m [2m[on(2)-127.0.0.1][0;39m [36minMXBeanRegistrar$SpringApplicationAdmin[0;39m [2m:[0;39m Application shutdown requested.
[2m2022-11-22 23:01:01.648[0;39m [33m WARN[0;39m [35m17232[0;39m [2m---[0;39m [2m[on(2)-127.0.0.1][0;39m [36mo.a.c.loader.WebappClassLoaderBase      [0;39m [2m:[0;39m The web application [ROOT] appears to have started a thread named [HikariPool-1 housekeeper] but has failed to stop it. This is very likely to create a memory leak. Stack trace of thread:
 sun.misc.Unsafe.park(Native Method)
 java.util.concurrent.locks.LockSupport.parkNanos(LockSupport.java:215)
 java.util.concurrent.locks.AbstractQueuedSynchronizer$ConditionObject.awaitNanos(AbstractQueuedSynchronizer.java:2078)
 java.util.concurrent.ScheduledThreadPoolExecutor$DelayedWorkQueue.take(ScheduledThreadPoolExecutor.java:1093)
 java.util.concurrent.ScheduledThreadPoolExecutor$DelayedWorkQueue.take(ScheduledThreadPoolExecutor.java:809)
 java.util.concurrent.ThreadPoolExecutor.getTask(ThreadPoolExecutor.java:1074)
 java.util.concurrent.ThreadPoolExecutor.runWorker(ThreadPoolExecutor.java:1134)
 java.util.concurrent.ThreadPoolExecutor$Worker.run(ThreadPoolExecutor.java:624)
 java.lang.Thread.run(Thread.java:748)
[2m2022-11-22 23:01:01.652[0;39m [32m INFO[0;39m [35m17232[0;39m [2m---[0;39m [2m[on(2)-127.0.0.1][0;39m [36mcom.zaxxer.hikari.HikariDataSource      [0;39m [2m:[0;39m HikariPool-1 - Shutdown initiated...
[2m2022-11-22 23:01:01.652[0;39m [32mDEBUG[0;39m [35m17232[0;39m [2m---[0;39m [2m[on(2)-127.0.0.1][0;39m [36mcom.zaxxer.hikari.pool.HikariPool       [0;39m [2m:[0;39m HikariPool-1 - Before shutdown stats (total=10, active=0, idle=10, waiting=0)
[2m2022-11-22 23:01:01.653[0;39m [32mDEBUG[0;39m [35m17232[0;39m [2m---[0;39m [2m[nnection closer][0;39m [36mcom.zaxxer.hikari.pool.PoolBase         [0;39m [2m:[0;39m HikariPool-1 - Closing connection com.mysql.cj.jdbc.ConnectionImpl@76ac7cc6: (connection evicted)
[2m2022-11-22 23:01:01.653[0;39m [32mDEBUG[0;39m [35m17232[0;39m [2m---[0;39m [2m[nnection closer][0;39m [36mcom.zaxxer.hikari.pool.PoolBase         [0;39m [2m:[0;39m HikariPool-1 - Closing connection com.mysql.cj.jdbc.ConnectionImpl@786b9c63: (connection evicted)
[2m2022-11-22 23:01:01.654[0;39m [32mDEBUG[0;39m [35m17232[0;39m [2m---[0;39m [2m[nnection closer][0;39m [36mcom.zaxxer.hikari.pool.PoolBase         [0;39m [2m:[0;39m HikariPool-1 - Closing connection com.mysql.cj.jdbc.ConnectionImpl@7c5417b6: (connection evicted)
[2m2022-11-22 23:01:01.655[0;39m [32mDEBUG[0;39m [35m17232[0;39m [2m---[0;39m [2m[nnection closer][0;39m [36mcom.zaxxer.hikari.pool.PoolBase         [0;39m [2m:[0;39m HikariPool-1 - Closing connection com.mysql.cj.jdbc.ConnectionImpl@39569658: (connection evicted)
[2m2022-11-22 23:01:01.655[0;39m [32mDEBUG[0;39m [35m17232[0;39m [2m---[0;39m [2m[nnection closer][0;39m [36mcom.zaxxer.hikari.pool.PoolBase         [0;39m [2m:[0;39m HikariPool-1 - Closing connection com.mysql.cj.jdbc.ConnectionImpl@2c8997f8: (connection evicted)
[2m2022-11-22 23:01:01.656[0;39m [32mDEBUG[0;39m [35m17232[0;39m [2m---[0;39m [2m[nnection closer][0;39m [36mcom.zaxxer.hikari.pool.PoolBase         [0;39m [2m:[0;39m HikariPool-1 - Closing connection com.mysql.cj.jdbc.ConnectionImpl@8258e8e: (connection evicted)
[2m2022-11-22 23:01:01.656[0;39m [32mDEBUG[0;39m [35m17232[0;39m [2m---[0;39m [2m[nnection closer][0;39m [36mcom.zaxxer.hikari.pool.PoolBase         [0;39m [2m:[0;39m HikariPool-1 - Closing connection com.mysql.cj.jdbc.ConnectionImpl@5410d19b: (connection evicted)
[2m2022-11-22 23:01:01.656[0;39m [32mDEBUG[0;39m [35m17232[0;39m [2m---[0;39m [2m[nnection closer][0;39m [36mcom.zaxxer.hikari.pool.PoolBase         [0;39m [2m:[0;39m HikariPool-1 - Closing connection com.mysql.cj.jdbc.ConnectionImpl@59796917: (connection evicted)
[2m2022-11-22 23:01:01.657[0;39m [32mDEBUG[0;39m [35m17232[0;39m [2m---[0;39m [2m[nnection closer][0;39m [36mcom.zaxxer.hikari.pool.PoolBase         [0;39m [2m:[0;39m HikariPool-1 - Closing connection com.mysql.cj.jdbc.ConnectionImpl@39af1397: (connection evicted)
[2m2022-11-22 23:01:01.657[0;39m [32mDEBUG[0;39m [35m17232[0;39m [2m---[0;39m [2m[nnection closer][0;39m [36mcom.zaxxer.hikari.pool.PoolBase         [0;39m [2m:[0;39m HikariPool-1 - Closing connection com.mysql.cj.jdbc.ConnectionImpl@1d5abbd2: (connection evicted)
[2m2022-11-22 23:01:01.658[0;39m [32mDEBUG[0;39m [35m17232[0;39m [2m---[0;39m [2m[on(2)-127.0.0.1][0;39m [36mcom.zaxxer.hikari.pool.HikariPool       [0;39m [2m:[0;39m HikariPool-1 - After shutdown stats (total=0, active=0, idle=0, waiting=0)
[2m2022-11-22 23:01:01.658[0;39m [32m INFO[0;39m [35m17232[0;39m [2m---[0;39m [2m[on(2)-127.0.0.1][0;39m [36mcom.zaxxer.hikari.HikariDataSource      [0;39m [2m:[0;39m HikariPool-1 - Shutdown completed.
[2m2022-11-22 23:01:05.804[0;39m [32m INFO[0;39m [35m7608[0;39m [2m---[0;39m [2m[           main][0;39m [36mo.s.b.w.embedded.tomcat.TomcatWebServer [0;39m [2m:[0;39m Tomcat initialized with port(s): 9999 (http)
[2m2022-11-22 23:01:05.903[0;39m [32m INFO[0;39m [35m7608[0;39m [2m---[0;39m [2m[           main][0;39m [36mw.s.c.ServletWebServerApplicationContext[0;39m [2m:[0;39m Root WebApplicationContext: initialization completed in 798 ms
[2m2022-11-22 23:01:06.404[0;39m [32m INFO[0;39m [35m7608[0;39m [2m---[0;39m [2m[           main][0;39m [36mo.s.b.w.embedded.tomcat.TomcatWebServer [0;39m [2m:[0;39m Tomcat started on port(s): 9999 (http) with context path ''
[2m2022-11-22 23:01:20.103[0;39m [32m INFO[0;39m [35m7608[0;39m [2m---[0;39m [2m[nio-9999-exec-1][0;39m [36mo.s.web.servlet.DispatcherServlet       [0;39m [2m:[0;39m Initializing Servlet 'dispatcherServlet'
[2m2022-11-22 23:01:20.104[0;39m [32m INFO[0;39m [35m7608[0;39m [2m---[0;39m [2m[nio-9999-exec-1][0;39m [36mo.s.web.servlet.DispatcherServlet       [0;39m [2m:[0;39m Completed initialization in 0 ms
[2m2022-11-22 23:01:23.197[0;39m [32mDEBUG[0;39m [35m7608[0;39m [2m---[0;39m [2m[nio-9999-exec-2][0;39m [36mc.ssafy.vue.controller.MemberController [0;39m [2m:[0;39m 로그인 accessToken 정보 : eyJ0eXAiOiJKV1QiLCJyZWdEYXRlIjoxNjY5MTI1NjgzMTgwLCJhbGciOiJIUzI1NiJ9.eyJleHAiOjE2NjkxMjU2OTMsInN1YiI6ImFjY2Vzcy10b2tlbiIsInVzZXJpZCI6InNzYWZ5In0.8MENP9cY2ZRRSRCJJCRfdMxNX-7tl9kgFGPW4N2UXiw
[2m2022-11-22 23:01:23.197[0;39m [32mDEBUG[0;39m [35m7608[0;39m [2m---[0;39m [2m[nio-9999-exec-2][0;39m [36mc.ssafy.vue.controller.MemberController [0;39m [2m:[0;39m 로그인 refreshToken 정보 : eyJ0eXAiOiJKV1QiLCJyZWdEYXRlIjoxNjY5MTI1NjgzMTk0LCJhbGciOiJIUzI1NiJ9.eyJleHAiOjE2NjkxMjU3MTMsInN1YiI6InJlZnJlc2gtdG9rZW4iLCJ1c2VyaWQiOiJzc2FmeSJ9.7i7L8AUmhq6bQ4SAPudmmOalk6YUV1PyESB_0PyQ6t4
[2m2022-11-22 23:01:23.214[0;39m [32m INFO[0;39m [35m7608[0;39m [2m---[0;39m [2m[nio-9999-exec-3][0;39m [36mc.ssafy.vue.controller.MemberController [0;39m [2m:[0;39m 사용 가능한 토큰!!!
[2m2022-11-22 23:01:26.794[0;39m [32m INFO[0;39m [35m7608[0;39m [2m---[0;39m [2m[nio-9999-exec-4][0;39m [36mc.ssafy.vue.controller.MemberController [0;39m [2m:[0;39m 사용 가능한 토큰!!!
[2m2022-11-22 23:17:57.468[0;39m [32m INFO[0;39m [35m7608[0;39m [2m---[0;39m [2m[nio-9999-exec-6][0;39m [36mc.s.vue.controller.HouseMapController   [0;39m [2m:[0;39m sido - 호출
[2m2022-11-22 23:17:59.796[0;39m [32m INFO[0;39m [35m7608[0;39m [2m---[0;39m [2m[nio-9999-exec-7][0;39m [36mc.s.vue.controller.HouseMapController   [0;39m [2m:[0;39m gugun - 호출
[2m2022-11-22 23:18:02.229[0;39m [32m INFO[0;39m [35m7608[0;39m [2m---[0;39m [2m[nio-9999-exec-8][0;39m [36mc.s.vue.controller.HouseMapController   [0;39m [2m:[0;39m gugun - 호출
[2m2022-11-22 23:18:23.641[0;39m [32m INFO[0;39m [35m7608[0;39m [2m---[0;39m [2m[nio-9999-exec-4][0;39m [36mc.s.vue.controller.HouseMapController   [0;39m [2m:[0;39m gugun - 호출
[2m2022-11-22 23:21:12.421[0;39m [32m INFO[0;39m [35m7608[0;39m [2m---[0;39m [2m[nio-9999-exec-8][0;39m [36mc.s.vue.controller.HouseMapController   [0;39m [2m:[0;39m sido - 호출
[2m2022-11-22 23:21:33.022[0;39m [32m INFO[0;39m [35m7608[0;39m [2m---[0;39m [2m[nio-9999-exec-9][0;39m [36mc.s.vue.controller.HouseMapController   [0;39m [2m:[0;39m sido - 호출
[2m2022-11-22 23:22:20.295[0;39m [32m INFO[0;39m [35m7608[0;39m [2m---[0;39m [2m[io-9999-exec-10][0;39m [36mc.s.vue.controller.HouseMapController   [0;39m [2m:[0;39m sido - 호출
[2m2022-11-22 23:23:19.785[0;39m [32m INFO[0;39m [35m7608[0;39m [2m---[0;39m [2m[nio-9999-exec-1][0;39m [36mc.s.vue.controller.HouseMapController   [0;39m [2m:[0;39m sido - 호출
[2m2022-11-22 23:24:38.212[0;39m [32m INFO[0;39m [35m7608[0;39m [2m---[0;39m [2m[nio-9999-exec-3][0;39m [36mc.s.vue.controller.HouseMapController   [0;39m [2m:[0;39m sido - 호출
[2m2022-11-22 23:24:38.253[0;39m [32m INFO[0;39m [35m7608[0;39m [2m---[0;39m [2m[nio-9999-exec-4][0;39m [36mc.s.vue.controller.HouseMapController   [0;39m [2m:[0;39m sido - 호출
[2m2022-11-22 23:24:55.691[0;39m [32m INFO[0;39m [35m7608[0;39m [2m---[0;39m [2m[nio-9999-exec-5][0;39m [36mc.s.vue.controller.HouseMapController   [0;39m [2m:[0;39m sido - 호출
[2m2022-11-22 23:25:08.696[0;39m [32m INFO[0;39m [35m7608[0;39m [2m---[0;39m [2m[nio-9999-exec-6][0;39m [36mc.s.vue.controller.HouseMapController   [0;39m [2m:[0;39m sido - 호출
[2m2022-11-22 23:25:45.735[0;39m [32m INFO[0;39m [35m7608[0;39m [2m---[0;39m [2m[nio-9999-exec-7][0;39m [36mc.s.vue.controller.HouseMapController   [0;39m [2m:[0;39m sido - 호출
[2m2022-11-22 23:25:45.779[0;39m [32m INFO[0;39m [35m7608[0;39m [2m---[0;39m [2m[nio-9999-exec-8][0;39m [36mc.s.vue.controller.HouseMapController   [0;39m [2m:[0;39m sido - 호출
[2m2022-11-22 23:25:49.642[0;39m [32m INFO[0;39m [35m7608[0;39m [2m---[0;39m [2m[nio-9999-exec-9][0;39m [36mc.s.vue.controller.HouseMapController   [0;39m [2m:[0;39m sido - 호출
[2m2022-11-22 23:26:02.261[0;39m [32m INFO[0;39m [35m7608[0;39m [2m---[0;39m [2m[io-9999-exec-10][0;39m [36mc.s.vue.controller.HouseMapController   [0;39m [2m:[0;39m sido - 호출
[2m2022-11-22 23:26:20.139[0;39m [32m INFO[0;39m [35m7608[0;39m [2m---[0;39m [2m[nio-9999-exec-1][0;39m [36mc.s.vue.controller.HouseMapController   [0;39m [2m:[0;39m sido - 호출
[2m2022-11-22 23:26:27.677[0;39m [32m INFO[0;39m [35m7608[0;39m [2m---[0;39m [2m[nio-9999-exec-2][0;39m [36mc.s.vue.controller.HouseMapController   [0;39m [2m:[0;39m sido - 호출
[2m2022-11-22 23:26:46.128[0;39m [32m INFO[0;39m [35m7608[0;39m [2m---[0;39m [2m[nio-9999-exec-3][0;39m [36mc.s.vue.controller.HouseMapController   [0;39m [2m:[0;39m sido - 호출
[2m2022-11-22 23:26:59.992[0;39m [32m INFO[0;39m [35m7608[0;39m [2m---[0;39m [2m[nio-9999-exec-4][0;39m [36mc.s.vue.controller.HouseMapController   [0;39m [2m:[0;39m sido - 호출
[2m2022-11-22 23:28:14.859[0;39m [32m INFO[0;39m [35m7608[0;39m [2m---[0;39m [2m[nio-9999-exec-6][0;39m [36mc.s.vue.controller.HouseMapController   [0;39m [2m:[0;39m sido - 호출
[2m2022-11-22 23:28:16.319[0;39m [32m INFO[0;39m [35m7608[0;39m [2m---[0;39m [2m[nio-9999-exec-7][0;39m [36mc.s.vue.controller.HouseMapController   [0;39m [2m:[0;39m sido - 호출
[2m2022-11-22 23:28:17.257[0;39m [32m INFO[0;39m [35m7608[0;39m [2m---[0;39m [2m[nio-9999-exec-8][0;39m [36mc.ssafy.vue.controller.NoticeController [0;39m [2m:[0;39m listArticle - 호출
[2m2022-11-22 23:28:17.762[0;39m [32m INFO[0;39m [35m7608[0;39m [2m---[0;39m [2m[nio-9999-exec-9][0;39m [36mc.s.vue.controller.HouseMapController   [0;39m [2m:[0;39m sido - 호출
[2m2022-11-22 23:28:20.042[0;39m [32m INFO[0;39m [35m7608[0;39m [2m---[0;39m [2m[io-9999-exec-10][0;39m [36mc.ssafy.vue.controller.NoticeController [0;39m [2m:[0;39m listArticle - 호출
[2m2022-11-22 23:28:20.487[0;39m [32m INFO[0;39m [35m7608[0;39m [2m---[0;39m [2m[nio-9999-exec-1][0;39m [36mc.s.vue.controller.HouseMapController   [0;39m [2m:[0;39m sido - 호출
[2m2022-11-22 23:28:39.281[0;39m [32m INFO[0;39m [35m7608[0;39m [2m---[0;39m [2m[nio-9999-exec-2][0;39m [36mc.s.vue.controller.HouseMapController   [0;39m [2m:[0;39m sido - 호출
[2m2022-11-22 23:28:48.990[0;39m [32m INFO[0;39m [35m7608[0;39m [2m---[0;39m [2m[nio-9999-exec-3][0;39m [36mc.s.vue.controller.HouseMapController   [0;39m [2m:[0;39m sido - 호출
[2m2022-11-22 23:28:55.198[0;39m [32m INFO[0;39m [35m7608[0;39m [2m---[0;39m [2m[nio-9999-exec-4][0;39m [36mc.s.vue.controller.HouseMapController   [0;39m [2m:[0;39m sido - 호출
[2m2022-11-22 23:29:10.399[0;39m [32m INFO[0;39m [35m7608[0;39m [2m---[0;39m [2m[nio-9999-exec-5][0;39m [36mc.s.vue.controller.HouseMapController   [0;39m [2m:[0;39m sido - 호출
[2m2022-11-22 23:29:12.729[0;39m [32m INFO[0;39m [35m7608[0;39m [2m---[0;39m [2m[nio-9999-exec-6][0;39m [36mc.s.vue.controller.HouseMapController   [0;39m [2m:[0;39m sido - 호출
[2m2022-11-22 23:30:08.380[0;39m [32m INFO[0;39m [35m7608[0;39m [2m---[0;39m [2m[nio-9999-exec-7][0;39m [36mc.s.vue.controller.HouseMapController   [0;39m [2m:[0;39m sido - 호출
[2m2022-11-22 23:30:17.128[0;39m [32m INFO[0;39m [35m7608[0;39m [2m---[0;39m [2m[nio-9999-exec-8][0;39m [36mc.s.vue.controller.HouseMapController   [0;39m [2m:[0;39m sido - 호출
[2m2022-11-22 23:30:27.099[0;39m [32m INFO[0;39m [35m7608[0;39m [2m---[0;39m [2m[nio-9999-exec-9][0;39m [36mc.s.vue.controller.HouseMapController   [0;39m [2m:[0;39m sido - 호출
[2m2022-11-22 23:30:33.713[0;39m [32m INFO[0;39m [35m7608[0;39m [2m---[0;39m [2m[io-9999-exec-10][0;39m [36mc.s.vue.controller.HouseMapController   [0;39m [2m:[0;39m sido - 호출
[2m2022-11-22 23:30:59.220[0;39m [32m INFO[0;39m [35m7608[0;39m [2m---[0;39m [2m[nio-9999-exec-1][0;39m [36mc.s.vue.controller.HouseMapController   [0;39m [2m:[0;39m sido - 호출
[2m2022-11-22 23:31:08.487[0;39m [32m INFO[0;39m [35m7608[0;39m [2m---[0;39m [2m[nio-9999-exec-2][0;39m [36mc.s.vue.controller.HouseMapController   [0;39m [2m:[0;39m sido - 호출
[2m2022-11-22 23:32:35.862[0;39m [32m INFO[0;39m [35m7608[0;39m [2m---[0;39m [2m[nio-9999-exec-4][0;39m [36mc.s.vue.controller.HouseMapController   [0;39m [2m:[0;39m sido - 호출
[2m2022-11-22 23:32:45.460[0;39m [32m INFO[0;39m [35m7608[0;39m [2m---[0;39m [2m[nio-9999-exec-5][0;39m [36mc.s.vue.controller.HouseMapController   [0;39m [2m:[0;39m gugun - 호출
[2m2022-11-22 23:33:40.766[0;39m [32m INFO[0;39m [35m7608[0;39m [2m---[0;39m [2m[nio-9999-exec-6][0;39m [36mc.s.vue.controller.HouseMapController   [0;39m [2m:[0;39m sido - 호출
[2m2022-11-22 23:34:04.412[0;39m [32m INFO[0;39m [35m7608[0;39m [2m---[0;39m [2m[nio-9999-exec-7][0;39m [36mc.s.vue.controller.HouseMapController   [0;39m [2m:[0;39m sido - 호출
[2m2022-11-22 23:34:07.650[0;39m [32m INFO[0;39m [35m7608[0;39m [2m---[0;39m [2m[nio-9999-exec-8][0;39m [36mc.s.vue.controller.HouseMapController   [0;39m [2m:[0;39m sido - 호출
